{"meta": {"format": 3, "version": "7.12.0", "timestamp": "2025-11-29T11:34:54.969936", "branch_coverage": false, "show_contexts": false}, "files": {"core/__init__.py": {"executed_lines": [1], "summary": {"covered_lines": 1, "num_statements": 1, "percent_covered": 100.0, "percent_covered_display": "100", "missing_lines": 0, "excluded_lines": 0, "percent_statements_covered": 100.0, "percent_statements_covered_display": "100"}, "missing_lines": [], "excluded_lines": [], "functions": {"": {"executed_lines": [1], "summary": {"covered_lines": 1, "num_statements": 1, "percent_covered": 100.0, "percent_covered_display": "100", "missing_lines": 0, "excluded_lines": 0, "percent_statements_covered": 100.0, "percent_statements_covered_display": "100"}, "missing_lines": [], "excluded_lines": []}}, "classes": {"": {"executed_lines": [1], "summary": {"covered_lines": 1, "num_statements": 1, "percent_covered": 100.0, "percent_covered_display": "100", "missing_lines": 0, "excluded_lines": 0, "percent_statements_covered": 100.0, "percent_statements_covered_display": "100"}, "missing_lines": [], "excluded_lines": []}}}, "core/api/main.py": {"executed_lines": [1, 2, 3, 5, 6, 8, 9, 10, 11, 14, 15, 18, 19, 22, 23, 30, 39, 42, 45, 56, 57, 70, 71, 74, 76, 78, 81, 82, 84, 87, 90, 91, 99, 102, 105, 117, 120, 123, 134, 137, 146, 147, 148, 150, 153, 154, 156, 157], "summary": {"covered_lines": 48, "num_statements": 48, "percent_covered": 100.0, "percent_covered_display": "100", "missing_lines": 0, "excluded_lines": 0, "percent_statements_covered": 100.0, "percent_statements_covered_display": "100"}, "missing_lines": [], "excluded_lines": [], "functions": {"lifespan": {"executed_lines": [30, 39, 42], "summary": {"covered_lines": 3, "num_statements": 3, "percent_covered": 100.0, "percent_covered_display": "100", "missing_lines": 0, "excluded_lines": 0, "percent_statements_covered": 100.0, "percent_statements_covered_display": "100"}, "missing_lines": [], "excluded_lines": []}, "trace_context_middleware": {"executed_lines": [70, 71, 74, 76, 78, 81, 82, 84, 87], "summary": {"covered_lines": 9, "num_statements": 9, "percent_covered": 100.0, "percent_covered_display": "100", "missing_lines": 0, "excluded_lines": 0, "percent_statements_covered": 100.0, "percent_statements_covered_display": "100"}, "missing_lines": [], "excluded_lines": []}, "log_requests": {"executed_lines": [99, 102, 105, 117, 120, 123, 134], "summary": {"covered_lines": 7, "num_statements": 7, "percent_covered": 100.0, "percent_covered_display": "100", "missing_lines": 0, "excluded_lines": 0, "percent_statements_covered": 100.0, "percent_statements_covered_display": "100"}, "missing_lines": [], "excluded_lines": []}, "health": {"executed_lines": [156, 157], "summary": {"covered_lines": 2, "num_statements": 2, "percent_covered": 100.0, "percent_covered_display": "100", "missing_lines": 0, "excluded_lines": 0, "percent_statements_covered": 100.0, "percent_statements_covered_display": "100"}, "missing_lines": [], "excluded_lines": []}, "": {"executed_lines": [1, 2, 3, 5, 6, 8, 9, 10, 11, 14, 15, 18, 19, 22, 23, 45, 56, 57, 90, 91, 137, 146, 147, 148, 150, 153, 154], "summary": {"covered_lines": 27, "num_statements": 27, "percent_covered": 100.0, "percent_covered_display": "100", "missing_lines": 0, "excluded_lines": 0, "percent_statements_covered": 100.0, "percent_statements_covered_display": "100"}, "missing_lines": [], "excluded_lines": []}}, "classes": {"": {"executed_lines": [1, 2, 3, 5, 6, 8, 9, 10, 11, 14, 15, 18, 19, 22, 23, 30, 39, 42, 45, 56, 57, 70, 71, 74, 76, 78, 81, 82, 84, 87, 90, 91, 99, 102, 105, 117, 120, 123, 134, 137, 146, 147, 148, 150, 153, 154, 156, 157], "summary": {"covered_lines": 48, "num_statements": 48, "percent_covered": 100.0, "percent_covered_display": "100", "missing_lines": 0, "excluded_lines": 0, "percent_statements_covered": 100.0, "percent_statements_covered_display": "100"}, "missing_lines": [], "excluded_lines": []}}}, "core/api/routes/listings.py": {"executed_lines": [1, 3, 4, 5, 7, 8, 9, 11, 14, 15, 18, 19, 21, 22, 23, 24, 25, 28, 29, 31, 34, 35, 37, 38, 41, 42, 57, 60, 63, 64, 65, 66, 70, 71, 72, 80, 84, 85, 87, 89, 98, 99, 103, 106, 107, 108, 110, 111, 114, 115, 117, 118, 120, 121, 123, 126, 127, 129, 130, 132, 133, 135], "summary": {"covered_lines": 59, "num_statements": 59, "percent_covered": 100.0, "percent_covered_display": "100", "missing_lines": 0, "excluded_lines": 0, "percent_statements_covered": 100.0, "percent_statements_covered_display": "100"}, "missing_lines": [], "excluded_lines": [], "functions": {"list_listings": {"executed_lines": [57, 60, 63, 64, 65, 66, 70, 71, 72, 80, 84, 85, 87, 89], "summary": {"covered_lines": 14, "num_statements": 14, "percent_covered": 100.0, "percent_covered_display": "100", "missing_lines": 0, "excluded_lines": 0, "percent_statements_covered": 100.0, "percent_statements_covered_display": "100"}, "missing_lines": [], "excluded_lines": []}, "create_listing": {"executed_lines": [103, 106, 107, 108, 110, 111], "summary": {"covered_lines": 6, "num_statements": 6, "percent_covered": 100.0, "percent_covered_display": "100", "missing_lines": 0, "excluded_lines": 0, "percent_statements_covered": 100.0, "percent_statements_covered_display": "100"}, "missing_lines": [], "excluded_lines": []}, "get_listing": {"executed_lines": [117, 118, 120, 121, 123], "summary": {"covered_lines": 5, "num_statements": 5, "percent_covered": 100.0, "percent_covered_display": "100", "missing_lines": 0, "excluded_lines": 0, "percent_statements_covered": 100.0, "percent_statements_covered_display": "100"}, "missing_lines": [], "excluded_lines": []}, "delete_listing": {"executed_lines": [129, 130, 132, 133, 135], "summary": {"covered_lines": 5, "num_statements": 5, "percent_covered": 100.0, "percent_covered_display": "100", "missing_lines": 0, "excluded_lines": 0, "percent_statements_covered": 100.0, "percent_statements_covered_display": "100"}, "missing_lines": [], "excluded_lines": []}, "": {"executed_lines": [1, 3, 4, 5, 7, 8, 9, 11, 14, 15, 18, 19, 21, 22, 23, 24, 25, 28, 29, 31, 34, 35, 37, 38, 41, 42, 98, 99, 114, 115, 126, 127], "summary": {"covered_lines": 29, "num_statements": 29, "percent_covered": 100.0, "percent_covered_display": "100", "missing_lines": 0, "excluded_lines": 0, "percent_statements_covered": 100.0, "percent_statements_covered_display": "100"}, "missing_lines": [], "excluded_lines": []}}, "classes": {"CreateListingRequest": {"executed_lines": [], "summary": {"covered_lines": 0, "num_statements": 0, "percent_covered": 100.0, "percent_covered_display": "100", "missing_lines": 0, "excluded_lines": 0, "percent_statements_covered": 100.0, "percent_statements_covered_display": "100"}, "missing_lines": [], "excluded_lines": []}, "PaginatedResponse": {"executed_lines": [], "summary": {"covered_lines": 0, "num_statements": 0, "percent_covered": 100.0, "percent_covered_display": "100", "missing_lines": 0, "excluded_lines": 0, "percent_statements_covered": 100.0, "percent_statements_covered_display": "100"}, "missing_lines": [], "excluded_lines": []}, "ListingResponse": {"executed_lines": [], "summary": {"covered_lines": 0, "num_statements": 0, "percent_covered": 100.0, "percent_covered_display": "100", "missing_lines": 0, "excluded_lines": 0, "percent_statements_covered": 100.0, "percent_statements_covered_display": "100"}, "missing_lines": [], "excluded_lines": []}, "DeleteResponse": {"executed_lines": [], "summary": {"covered_lines": 0, "num_statements": 0, "percent_covered": 100.0, "percent_covered_display": "100", "missing_lines": 0, "excluded_lines": 0, "percent_statements_covered": 100.0, "percent_statements_covered_display": "100"}, "missing_lines": [], "excluded_lines": []}, "": {"executed_lines": [1, 3, 4, 5, 7, 8, 9, 11, 14, 15, 18, 19, 21, 22, 23, 24, 25, 28, 29, 31, 34, 35, 37, 38, 41, 42, 57, 60, 63, 64, 65, 66, 70, 71, 72, 80, 84, 85, 87, 89, 98, 99, 103, 106, 107, 108, 110, 111, 114, 115, 117, 118, 120, 121, 123, 126, 127, 129, 130, 132, 133, 135], "summary": {"covered_lines": 59, "num_statements": 59, "percent_covered": 100.0, "percent_covered_display": "100", "missing_lines": 0, "excluded_lines": 0, "percent_statements_covered": 100.0, "percent_statements_covered_display": "100"}, "missing_lines": [], "excluded_lines": []}}}, "core/api/routes/plugins.py": {"executed_lines": [1, 3, 5, 6, 8, 11, 12, 13, 16, 17, 18, 21, 22, 23, 24, 25, 26, 29, 30, 31, 32, 33, 34, 37, 38, 39, 40, 41, 42, 45, 46, 64, 65, 66, 67, 69, 70, 72], "summary": {"covered_lines": 38, "num_statements": 38, "percent_covered": 100.0, "percent_covered_display": "100", "missing_lines": 0, "excluded_lines": 0, "percent_statements_covered": 100.0, "percent_statements_covered_display": "100"}, "missing_lines": [], "excluded_lines": [], "functions": {"list_plugins": {"executed_lines": [13], "summary": {"covered_lines": 1, "num_statements": 1, "percent_covered": 100.0, "percent_covered_display": "100", "missing_lines": 0, "excluded_lines": 0, "percent_statements_covered": 100.0, "percent_statements_covered_display": "100"}, "missing_lines": [], "excluded_lines": []}, "register_plugin": {"executed_lines": [18], "summary": {"covered_lines": 1, "num_statements": 1, "percent_covered": 100.0, "percent_covered_display": "100", "missing_lines": 0, "excluded_lines": 0, "percent_statements_covered": 100.0, "percent_statements_covered_display": "100"}, "missing_lines": [], "excluded_lines": []}, "enable_plugin": {"executed_lines": [23, 24, 25, 26], "summary": {"covered_lines": 4, "num_statements": 4, "percent_covered": 100.0, "percent_covered_display": "100", "missing_lines": 0, "excluded_lines": 0, "percent_statements_covered": 100.0, "percent_statements_covered_display": "100"}, "missing_lines": [], "excluded_lines": []}, "disable_plugin": {"executed_lines": [31, 32, 33, 34], "summary": {"covered_lines": 4, "num_statements": 4, "percent_covered": 100.0, "percent_covered_display": "100", "missing_lines": 0, "excluded_lines": 0, "percent_statements_covered": 100.0, "percent_statements_covered_display": "100"}, "missing_lines": [], "excluded_lines": []}, "delete_plugin": {"executed_lines": [39, 40, 41, 42], "summary": {"covered_lines": 4, "num_statements": 4, "percent_covered": 100.0, "percent_covered_display": "100", "missing_lines": 0, "excluded_lines": 0, "percent_statements_covered": 100.0, "percent_statements_covered_display": "100"}, "missing_lines": [], "excluded_lines": []}, "reload_plugin": {"executed_lines": [64, 65, 66, 67, 69, 70, 72], "summary": {"covered_lines": 7, "num_statements": 7, "percent_covered": 100.0, "percent_covered_display": "100", "missing_lines": 0, "excluded_lines": 0, "percent_statements_covered": 100.0, "percent_statements_covered_display": "100"}, "missing_lines": [], "excluded_lines": []}, "": {"executed_lines": [1, 3, 5, 6, 8, 11, 12, 16, 17, 21, 22, 29, 30, 37, 38, 45, 46], "summary": {"covered_lines": 17, "num_statements": 17, "percent_covered": 100.0, "percent_covered_display": "100", "missing_lines": 0, "excluded_lines": 0, "percent_statements_covered": 100.0, "percent_statements_covered_display": "100"}, "missing_lines": [], "excluded_lines": []}}, "classes": {"": {"executed_lines": [1, 3, 5, 6, 8, 11, 12, 13, 16, 17, 18, 21, 22, 23, 24, 25, 26, 29, 30, 31, 32, 33, 34, 37, 38, 39, 40, 41, 42, 45, 46, 64, 65, 66, 67, 69, 70, 72], "summary": {"covered_lines": 38, "num_statements": 38, "percent_covered": 100.0, "percent_covered_display": "100", "missing_lines": 0, "excluded_lines": 0, "percent_statements_covered": 100.0, "percent_statements_covered_display": "100"}, "missing_lines": [], "excluded_lines": []}}}, "core/config/__init__.py": {"executed_lines": [1, 7, 16], "summary": {"covered_lines": 2, "num_statements": 2, "percent_covered": 100.0, "percent_covered_display": "100", "missing_lines": 0, "excluded_lines": 0, "percent_statements_covered": 100.0, "percent_statements_covered_display": "100"}, "missing_lines": [], "excluded_lines": [], "functions": {"": {"executed_lines": [1, 7, 16], "summary": {"covered_lines": 2, "num_statements": 2, "percent_covered": 100.0, "percent_covered_display": "100", "missing_lines": 0, "excluded_lines": 0, "percent_statements_covered": 100.0, "percent_statements_covered_display": "100"}, "missing_lines": [], "excluded_lines": []}}, "classes": {"": {"executed_lines": [1, 7, 16], "summary": {"covered_lines": 2, "num_statements": 2, "percent_covered": 100.0, "percent_covered_display": "100", "missing_lines": 0, "excluded_lines": 0, "percent_statements_covered": 100.0, "percent_statements_covered_display": "100"}, "missing_lines": [], "excluded_lines": []}}}, "core/config/config_manager.py": {"executed_lines": [1, 14, 15, 16, 17, 18, 20, 21, 23, 26, 27, 29, 32, 33, 35, 38, 39, 41, 44, 45, 47, 48, 49, 52, 55, 56, 57, 58, 61, 62, 63, 64, 65, 66, 67, 70, 71, 72, 73, 76, 77, 78, 79, 80, 83, 84, 85, 88, 91, 92, 94, 95, 98, 99, 101, 102, 103, 105, 106, 109, 110, 129, 130, 132, 142, 143, 145, 146, 147, 148, 149, 151, 162, 163, 165, 166, 167, 168, 169, 170, 172, 174, 185, 186, 188, 189, 191, 193, 195, 196, 199, 202, 203, 204, 206, 211, 212, 213, 214, 218, 234, 236, 237, 238, 239, 240, 241, 249, 252, 253, 258, 259, 265, 266, 268, 275, 285, 286, 287, 289, 299, 301, 312, 315, 317, 318, 320, 321, 322, 326, 331, 339, 340, 341, 343, 344, 346, 348, 349, 351, 358, 359, 362, 363, 369, 382, 385, 386, 387, 390, 393, 394, 395, 397, 398, 399, 400, 402, 404, 406, 408, 419, 420, 421, 422, 425, 426, 427, 428, 431, 432, 433, 434, 437, 439, 441, 443, 445, 447, 449, 457], "summary": {"covered_lines": 174, "num_statements": 190, "percent_covered": 91.57894736842105, "percent_covered_display": "92", "missing_lines": 16, "excluded_lines": 0, "percent_statements_covered": 91.57894736842105, "percent_statements_covered_display": "92"}, "missing_lines": [215, 216, 242, 243, 247, 270, 271, 313, 324, 328, 329, 345, 364, 365, 366, 367], "excluded_lines": [], "functions": {"ConfigManager.__new__": {"executed_lines": [142, 143, 145, 146, 147, 148, 149], "summary": {"covered_lines": 7, "num_statements": 7, "percent_covered": 100.0, "percent_covered_display": "100", "missing_lines": 0, "excluded_lines": 0, "percent_statements_covered": 100.0, "percent_statements_covered_display": "100"}, "missing_lines": [], "excluded_lines": []}, "ConfigManager.__init__": {"executed_lines": [162, 163, 165, 166, 167, 168, 169, 170, 172], "summary": {"covered_lines": 9, "num_statements": 9, "percent_covered": 100.0, "percent_covered_display": "100", "missing_lines": 0, "excluded_lines": 0, "percent_statements_covered": 100.0, "percent_statements_covered_display": "100"}, "missing_lines": [], "excluded_lines": []}, "ConfigManager.load": {"executed_lines": [185, 186, 188, 189, 191, 193, 195, 196, 199, 202, 203, 204, 206, 211, 212, 213, 214], "summary": {"covered_lines": 17, "num_statements": 19, "percent_covered": 89.47368421052632, "percent_covered_display": "89", "missing_lines": 2, "excluded_lines": 0, "percent_statements_covered": 89.47368421052632, "percent_statements_covered_display": "89"}, "missing_lines": [215, 216], "excluded_lines": []}, "ConfigManager.load_plugin_config": {"executed_lines": [234, 236, 237, 238, 239, 240, 241, 249, 252, 253, 258, 259, 265, 266, 268], "summary": {"covered_lines": 15, "num_statements": 20, "percent_covered": 75.0, "percent_covered_display": "75", "missing_lines": 5, "excluded_lines": 0, "percent_statements_covered": 75.0, "percent_statements_covered_display": "75"}, "missing_lines": [242, 243, 247, 270, 271], "excluded_lines": []}, "ConfigManager.get_core_config": {"executed_lines": [285, 286, 287], "summary": {"covered_lines": 3, "num_statements": 3, "percent_covered": 100.0, "percent_covered_display": "100", "missing_lines": 0, "excluded_lines": 0, "percent_statements_covered": 100.0, "percent_statements_covered_display": "100"}, "missing_lines": [], "excluded_lines": []}, "ConfigManager.get_plugin_config": {"executed_lines": [299], "summary": {"covered_lines": 1, "num_statements": 1, "percent_covered": 100.0, "percent_covered_display": "100", "missing_lines": 0, "excluded_lines": 0, "percent_statements_covered": 100.0, "percent_statements_covered_display": "100"}, "missing_lines": [], "excluded_lines": []}, "ConfigManager.get": {"executed_lines": [312, 315, 317, 318, 320, 321, 322, 326], "summary": {"covered_lines": 8, "num_statements": 12, "percent_covered": 66.66666666666667, "percent_covered_display": "67", "missing_lines": 4, "excluded_lines": 0, "percent_statements_covered": 66.66666666666667, "percent_statements_covered_display": "67"}, "missing_lines": [313, 324, 328, 329], "excluded_lines": []}, "ConfigManager.set": {"executed_lines": [339, 340, 341, 343, 344, 346, 348, 349], "summary": {"covered_lines": 8, "num_statements": 9, "percent_covered": 88.88888888888889, "percent_covered_display": "89", "missing_lines": 1, "excluded_lines": 0, "percent_statements_covered": 88.88888888888889, "percent_statements_covered_display": "89"}, "missing_lines": [345], "excluded_lines": []}, "ConfigManager.reload": {"executed_lines": [358, 359, 362, 363], "summary": {"covered_lines": 4, "num_statements": 8, "percent_covered": 50.0, "percent_covered_display": "50", "missing_lines": 4, "excluded_lines": 0, "percent_statements_covered": 50.0, "percent_statements_covered_display": "50"}, "missing_lines": [364, 365, 366, 367], "excluded_lines": []}, "ConfigManager._apply_env_overrides": {"executed_lines": [382, 385, 386, 387, 390, 393, 394, 395, 397, 398, 399, 400, 402, 404, 406], "summary": {"covered_lines": 15, "num_statements": 15, "percent_covered": 100.0, "percent_covered_display": "100", "missing_lines": 0, "excluded_lines": 0, "percent_statements_covered": 100.0, "percent_statements_covered_display": "100"}, "missing_lines": [], "excluded_lines": []}, "ConfigManager._cast_env_value": {"executed_lines": [419, 420, 421, 422, 425, 426, 427, 428, 431, 432, 433, 434, 437], "summary": {"covered_lines": 13, "num_statements": 13, "percent_covered": 100.0, "percent_covered_display": "100", "missing_lines": 0, "excluded_lines": 0, "percent_statements_covered": 100.0, "percent_statements_covered_display": "100"}, "missing_lines": [], "excluded_lines": []}, "ConfigManager.is_loaded": {"executed_lines": [441], "summary": {"covered_lines": 1, "num_statements": 1, "percent_covered": 100.0, "percent_covered_display": "100", "missing_lines": 0, "excluded_lines": 0, "percent_statements_covered": 100.0, "percent_statements_covered_display": "100"}, "missing_lines": [], "excluded_lines": []}, "ConfigManager.get_config_dir": {"executed_lines": [445], "summary": {"covered_lines": 1, "num_statements": 1, "percent_covered": 100.0, "percent_covered_display": "100", "missing_lines": 0, "excluded_lines": 0, "percent_statements_covered": 100.0, "percent_statements_covered_display": "100"}, "missing_lines": [], "excluded_lines": []}, "ConfigManager.__repr__": {"executed_lines": [449], "summary": {"covered_lines": 1, "num_statements": 1, "percent_covered": 100.0, "percent_covered_display": "100", "missing_lines": 0, "excluded_lines": 0, "percent_statements_covered": 100.0, "percent_statements_covered_display": "100"}, "missing_lines": [], "excluded_lines": []}, "": {"executed_lines": [1, 14, 15, 16, 17, 18, 20, 21, 23, 26, 27, 29, 32, 33, 35, 38, 39, 41, 44, 45, 47, 48, 49, 52, 55, 56, 57, 58, 61, 62, 63, 64, 65, 66, 67, 70, 71, 72, 73, 76, 77, 78, 79, 80, 83, 84, 85, 88, 91, 92, 94, 95, 98, 99, 101, 102, 103, 105, 106, 109, 110, 129, 130, 132, 151, 174, 218, 275, 289, 301, 331, 351, 369, 408, 439, 443, 447, 457], "summary": {"covered_lines": 71, "num_statements": 71, "percent_covered": 100.0, "percent_covered_display": "100", "missing_lines": 0, "excluded_lines": 0, "percent_statements_covered": 100.0, "percent_statements_covered_display": "100"}, "missing_lines": [], "excluded_lines": []}}, "classes": {"ConfigError": {"executed_lines": [], "summary": {"covered_lines": 0, "num_statements": 0, "percent_covered": 100.0, "percent_covered_display": "100", "missing_lines": 0, "excluded_lines": 0, "percent_statements_covered": 100.0, "percent_statements_covered_display": "100"}, "missing_lines": [], "excluded_lines": []}, "ConfigValidationError": {"executed_lines": [], "summary": {"covered_lines": 0, "num_statements": 0, "percent_covered": 100.0, "percent_covered_display": "100", "missing_lines": 0, "excluded_lines": 0, "percent_statements_covered": 100.0, "percent_statements_covered_display": "100"}, "missing_lines": [], "excluded_lines": []}, "ConfigNotFoundError": {"executed_lines": [], "summary": {"covered_lines": 0, "num_statements": 0, "percent_covered": 100.0, "percent_covered_display": "100", "missing_lines": 0, "excluded_lines": 0, "percent_statements_covered": 100.0, "percent_statements_covered_display": "100"}, "missing_lines": [], "excluded_lines": []}, "CoreConfig": {"executed_lines": [], "summary": {"covered_lines": 0, "num_statements": 0, "percent_covered": 100.0, "percent_covered_display": "100", "missing_lines": 0, "excluded_lines": 0, "percent_statements_covered": 100.0, "percent_statements_covered_display": "100"}, "missing_lines": [], "excluded_lines": []}, "CoreConfig.Config": {"executed_lines": [], "summary": {"covered_lines": 0, "num_statements": 0, "percent_covered": 100.0, "percent_covered_display": "100", "missing_lines": 0, "excluded_lines": 0, "percent_statements_covered": 100.0, "percent_statements_covered_display": "100"}, "missing_lines": [], "excluded_lines": []}, "PluginConfig": {"executed_lines": [], "summary": {"covered_lines": 0, "num_statements": 0, "percent_covered": 100.0, "percent_covered_display": "100", "missing_lines": 0, "excluded_lines": 0, "percent_statements_covered": 100.0, "percent_statements_covered_display": "100"}, "missing_lines": [], "excluded_lines": []}, "PluginConfig.Config": {"executed_lines": [], "summary": {"covered_lines": 0, "num_statements": 0, "percent_covered": 100.0, "percent_covered_display": "100", "missing_lines": 0, "excluded_lines": 0, "percent_statements_covered": 100.0, "percent_statements_covered_display": "100"}, "missing_lines": [], "excluded_lines": []}, "ConfigManager": {"executed_lines": [142, 143, 145, 146, 147, 148, 149, 162, 163, 165, 166, 167, 168, 169, 170, 172, 185, 186, 188, 189, 191, 193, 195, 196, 199, 202, 203, 204, 206, 211, 212, 213, 214, 234, 236, 237, 238, 239, 240, 241, 249, 252, 253, 258, 259, 265, 266, 268, 285, 286, 287, 299, 312, 315, 317, 318, 320, 321, 322, 326, 339, 340, 341, 343, 344, 346, 348, 349, 358, 359, 362, 363, 382, 385, 386, 387, 390, 393, 394, 395, 397, 398, 399, 400, 402, 404, 406, 419, 420, 421, 422, 425, 426, 427, 428, 431, 432, 433, 434, 437, 441, 445, 449], "summary": {"covered_lines": 103, "num_statements": 119, "percent_covered": 86.5546218487395, "percent_covered_display": "87", "missing_lines": 16, "excluded_lines": 0, "percent_statements_covered": 86.5546218487395, "percent_statements_covered_display": "87"}, "missing_lines": [215, 216, 242, 243, 247, 270, 271, 313, 324, 328, 329, 345, 364, 365, 366, 367], "excluded_lines": []}, "": {"executed_lines": [1, 14, 15, 16, 17, 18, 20, 21, 23, 26, 27, 29, 32, 33, 35, 38, 39, 41, 44, 45, 47, 48, 49, 52, 55, 56, 57, 58, 61, 62, 63, 64, 65, 66, 67, 70, 71, 72, 73, 76, 77, 78, 79, 80, 83, 84, 85, 88, 91, 92, 94, 95, 98, 99, 101, 102, 103, 105, 106, 109, 110, 129, 130, 132, 151, 174, 218, 275, 289, 301, 331, 351, 369, 408, 439, 443, 447, 457], "summary": {"covered_lines": 71, "num_statements": 71, "percent_covered": 100.0, "percent_covered_display": "100", "missing_lines": 0, "excluded_lines": 0, "percent_statements_covered": 100.0, "percent_statements_covered_display": "100"}, "missing_lines": [], "excluded_lines": []}}}, "core/database/__init__.py": {"executed_lines": [1, 3, 4, 5, 6, 8], "summary": {"covered_lines": 5, "num_statements": 5, "percent_covered": 100.0, "percent_covered_display": "100", "missing_lines": 0, "excluded_lines": 0, "percent_statements_covered": 100.0, "percent_statements_covered_display": "100"}, "missing_lines": [], "excluded_lines": [], "functions": {"": {"executed_lines": [1, 3, 4, 5, 6, 8], "summary": {"covered_lines": 5, "num_statements": 5, "percent_covered": 100.0, "percent_covered_display": "100", "missing_lines": 0, "excluded_lines": 0, "percent_statements_covered": 100.0, "percent_statements_covered_display": "100"}, "missing_lines": [], "excluded_lines": []}}, "classes": {"": {"executed_lines": [1, 3, 4, 5, 6, 8], "summary": {"covered_lines": 5, "num_statements": 5, "percent_covered": 100.0, "percent_covered_display": "100", "missing_lines": 0, "excluded_lines": 0, "percent_statements_covered": 100.0, "percent_statements_covered_display": "100"}, "missing_lines": [], "excluded_lines": []}}}, "core/database/base.py": {"executed_lines": [1, 3, 5, 8], "summary": {"covered_lines": 3, "num_statements": 8, "percent_covered": 37.5, "percent_covered_display": "38", "missing_lines": 5, "excluded_lines": 0, "percent_statements_covered": 37.5, "percent_statements_covered_display": "38"}, "missing_lines": [10, 12, 13, 14, 16], "excluded_lines": [], "functions": {"get_db": {"executed_lines": [], "summary": {"covered_lines": 0, "num_statements": 5, "percent_covered": 0.0, "percent_covered_display": "0", "missing_lines": 5, "excluded_lines": 0, "percent_statements_covered": 0.0, "percent_statements_covered_display": "0"}, "missing_lines": [10, 12, 13, 14, 16], "excluded_lines": []}, "": {"executed_lines": [1, 3, 5, 8], "summary": {"covered_lines": 3, "num_statements": 3, "percent_covered": 100.0, "percent_covered_display": "100", "missing_lines": 0, "excluded_lines": 0, "percent_statements_covered": 100.0, "percent_statements_covered_display": "100"}, "missing_lines": [], "excluded_lines": []}}, "classes": {"": {"executed_lines": [1, 3, 5, 8], "summary": {"covered_lines": 3, "num_statements": 8, "percent_covered": 37.5, "percent_covered_display": "38", "missing_lines": 5, "excluded_lines": 0, "percent_statements_covered": 37.5, "percent_statements_covered_display": "38"}, "missing_lines": [10, 12, 13, 14, 16], "excluded_lines": []}}}, "core/database/models.py": {"executed_lines": [1, 3, 5, 16, 17, 19, 22, 23, 25, 26, 28, 29, 30, 32, 35, 36, 38, 41, 44, 47, 48, 49, 50, 53, 54, 59, 60, 61, 62, 63, 66, 67, 68, 71, 72, 75, 78, 81, 82, 87, 99], "summary": {"covered_lines": 38, "num_statements": 39, "percent_covered": 97.43589743589743, "percent_covered_display": "97", "missing_lines": 1, "excluded_lines": 0, "percent_statements_covered": 97.43589743589743, "percent_statements_covered_display": "97"}, "missing_lines": [100], "excluded_lines": [], "functions": {"JSONBType.load_dialect_impl": {"executed_lines": [29, 30, 32], "summary": {"covered_lines": 3, "num_statements": 3, "percent_covered": 100.0, "percent_covered_display": "100", "missing_lines": 0, "excluded_lines": 0, "percent_statements_covered": 100.0, "percent_statements_covered_display": "100"}, "missing_lines": [], "excluded_lines": []}, "ListingModel.__repr__": {"executed_lines": [], "summary": {"covered_lines": 0, "num_statements": 1, "percent_covered": 0.0, "percent_covered_display": "0", "missing_lines": 1, "excluded_lines": 0, "percent_statements_covered": 0.0, "percent_statements_covered_display": "0"}, "missing_lines": [100], "excluded_lines": []}, "": {"executed_lines": [1, 3, 5, 16, 17, 19, 22, 23, 25, 26, 28, 35, 36, 38, 41, 44, 47, 48, 49, 50, 53, 54, 59, 60, 61, 62, 63, 66, 67, 68, 71, 72, 75, 78, 81, 82, 87, 99], "summary": {"covered_lines": 35, "num_statements": 35, "percent_covered": 100.0, "percent_covered_display": "100", "missing_lines": 0, "excluded_lines": 0, "percent_statements_covered": 100.0, "percent_statements_covered_display": "100"}, "missing_lines": [], "excluded_lines": []}}, "classes": {"JSONBType": {"executed_lines": [29, 30, 32], "summary": {"covered_lines": 3, "num_statements": 3, "percent_covered": 100.0, "percent_covered_display": "100", "missing_lines": 0, "excluded_lines": 0, "percent_statements_covered": 100.0, "percent_statements_covered_display": "100"}, "missing_lines": [], "excluded_lines": []}, "ListingModel": {"executed_lines": [], "summary": {"covered_lines": 0, "num_statements": 1, "percent_covered": 0.0, "percent_covered_display": "0", "missing_lines": 1, "excluded_lines": 0, "percent_statements_covered": 0.0, "percent_statements_covered_display": "0"}, "missing_lines": [100], "excluded_lines": []}, "": {"executed_lines": [1, 3, 5, 16, 17, 19, 22, 23, 25, 26, 28, 35, 36, 38, 41, 44, 47, 48, 49, 50, 53, 54, 59, 60, 61, 62, 63, 66, 67, 68, 71, 72, 75, 78, 81, 82, 87, 99], "summary": {"covered_lines": 35, "num_statements": 35, "percent_covered": 100.0, "percent_covered_display": "100", "missing_lines": 0, "excluded_lines": 0, "percent_statements_covered": 100.0, "percent_statements_covered_display": "100"}, "missing_lines": [], "excluded_lines": []}}}, "core/database/repository.py": {"executed_lines": [1, 3, 5, 6, 8, 9, 20, 29, 30, 31, 36, 43, 49, 56, 57, 58, 62, 64, 77, 78, 80, 86, 88, 98, 99, 100, 107, 136, 137, 138, 140, 142, 151, 156, 158, 167, 168, 170, 183, 185, 186, 188, 189, 191, 200, 202, 203, 205, 207, 217, 226, 242, 244, 245, 246, 247, 248, 249, 251, 253, 263, 268, 269, 271, 272, 273, 275, 276, 278, 280, 289, 294, 295, 297, 298, 300, 302, 316, 326, 328, 348, 350, 351, 352, 353, 355, 356, 358, 359], "summary": {"covered_lines": 87, "num_statements": 87, "percent_covered": 100.0, "percent_covered_display": "100", "missing_lines": 0, "excluded_lines": 0, "percent_statements_covered": 100.0, "percent_statements_covered_display": "100"}, "missing_lines": [], "excluded_lines": [], "functions": {"_model_to_udm": {"executed_lines": [29, 30, 31, 36, 43, 49, 56, 57, 58, 62, 64], "summary": {"covered_lines": 11, "num_statements": 11, "percent_covered": 100.0, "percent_covered_display": "100", "missing_lines": 0, "excluded_lines": 0, "percent_statements_covered": 100.0, "percent_statements_covered_display": "100"}, "missing_lines": [], "excluded_lines": []}, "ListingRepository.__init__": {"executed_lines": [86], "summary": {"covered_lines": 1, "num_statements": 1, "percent_covered": 100.0, "percent_covered_display": "100", "missing_lines": 0, "excluded_lines": 0, "percent_statements_covered": 100.0, "percent_statements_covered_display": "100"}, "missing_lines": [], "excluded_lines": []}, "ListingRepository.create": {"executed_lines": [98, 99, 100, 107, 136, 137, 138, 140], "summary": {"covered_lines": 8, "num_statements": 8, "percent_covered": 100.0, "percent_covered_display": "100", "missing_lines": 0, "excluded_lines": 0, "percent_statements_covered": 100.0, "percent_statements_covered_display": "100"}, "missing_lines": [], "excluded_lines": []}, "ListingRepository.get_by_id": {"executed_lines": [151, 156], "summary": {"covered_lines": 2, "num_statements": 2, "percent_covered": 100.0, "percent_covered_display": "100", "missing_lines": 0, "excluded_lines": 0, "percent_statements_covered": 100.0, "percent_statements_covered_display": "100"}, "missing_lines": [], "excluded_lines": []}, "ListingRepository.get_by_db_id": {"executed_lines": [167, 168], "summary": {"covered_lines": 2, "num_statements": 2, "percent_covered": 100.0, "percent_covered_display": "100", "missing_lines": 0, "excluded_lines": 0, "percent_statements_covered": 100.0, "percent_statements_covered_display": "100"}, "missing_lines": [], "excluded_lines": []}, "ListingRepository.get_all": {"executed_lines": [183, 185, 186, 188, 189], "summary": {"covered_lines": 5, "num_statements": 5, "percent_covered": 100.0, "percent_covered_display": "100", "missing_lines": 0, "excluded_lines": 0, "percent_statements_covered": 100.0, "percent_statements_covered_display": "100"}, "missing_lines": [], "excluded_lines": []}, "ListingRepository.count": {"executed_lines": [200, 202, 203, 205], "summary": {"covered_lines": 4, "num_statements": 4, "percent_covered": 100.0, "percent_covered_display": "100", "missing_lines": 0, "excluded_lines": 0, "percent_statements_covered": 100.0, "percent_statements_covered_display": "100"}, "missing_lines": [], "excluded_lines": []}, "ListingRepository.count_by_fraud_score_range": {"executed_lines": [217], "summary": {"covered_lines": 1, "num_statements": 1, "percent_covered": 100.0, "percent_covered_display": "100", "missing_lines": 0, "excluded_lines": 0, "percent_statements_covered": 100.0, "percent_statements_covered_display": "100"}, "missing_lines": [], "excluded_lines": []}, "ListingRepository.count_by_price_range": {"executed_lines": [242, 244, 245, 246, 247, 248, 249, 251], "summary": {"covered_lines": 8, "num_statements": 8, "percent_covered": 100.0, "percent_covered_display": "100", "missing_lines": 0, "excluded_lines": 0, "percent_statements_covered": 100.0, "percent_statements_covered_display": "100"}, "missing_lines": [], "excluded_lines": []}, "ListingRepository.update": {"executed_lines": [263, 268, 269, 271, 272, 273, 275, 276, 278], "summary": {"covered_lines": 9, "num_statements": 9, "percent_covered": 100.0, "percent_covered_display": "100", "missing_lines": 0, "excluded_lines": 0, "percent_statements_covered": 100.0, "percent_statements_covered_display": "100"}, "missing_lines": [], "excluded_lines": []}, "ListingRepository.delete": {"executed_lines": [289, 294, 295, 297, 298, 300], "summary": {"covered_lines": 6, "num_statements": 6, "percent_covered": 100.0, "percent_covered_display": "100", "missing_lines": 0, "excluded_lines": 0, "percent_statements_covered": 100.0, "percent_statements_covered_display": "100"}, "missing_lines": [], "excluded_lines": []}, "ListingRepository.get_by_fraud_score_range": {"executed_lines": [316, 326], "summary": {"covered_lines": 2, "num_statements": 2, "percent_covered": 100.0, "percent_covered_display": "100", "missing_lines": 0, "excluded_lines": 0, "percent_statements_covered": 100.0, "percent_statements_covered_display": "100"}, "missing_lines": [], "excluded_lines": []}, "ListingRepository.get_by_price_range": {"executed_lines": [348, 350, 351, 352, 353, 355, 356, 358, 359], "summary": {"covered_lines": 9, "num_statements": 9, "percent_covered": 100.0, "percent_covered_display": "100", "missing_lines": 0, "excluded_lines": 0, "percent_statements_covered": 100.0, "percent_statements_covered_display": "100"}, "missing_lines": [], "excluded_lines": []}, "": {"executed_lines": [1, 3, 5, 6, 8, 9, 20, 77, 78, 80, 88, 142, 158, 170, 191, 207, 226, 253, 280, 302, 328], "summary": {"covered_lines": 19, "num_statements": 19, "percent_covered": 100.0, "percent_covered_display": "100", "missing_lines": 0, "excluded_lines": 0, "percent_statements_covered": 100.0, "percent_statements_covered_display": "100"}, "missing_lines": [], "excluded_lines": []}}, "classes": {"ListingRepository": {"executed_lines": [86, 98, 99, 100, 107, 136, 137, 138, 140, 151, 156, 167, 168, 183, 185, 186, 188, 189, 200, 202, 203, 205, 217, 242, 244, 245, 246, 247, 248, 249, 251, 263, 268, 269, 271, 272, 273, 275, 276, 278, 289, 294, 295, 297, 298, 300, 316, 326, 348, 350, 351, 352, 353, 355, 356, 358, 359], "summary": {"covered_lines": 57, "num_statements": 57, "percent_covered": 100.0, "percent_covered_display": "100", "missing_lines": 0, "excluded_lines": 0, "percent_statements_covered": 100.0, "percent_statements_covered_display": "100"}, "missing_lines": [], "excluded_lines": []}, "": {"executed_lines": [1, 3, 5, 6, 8, 9, 20, 29, 30, 31, 36, 43, 49, 56, 57, 58, 62, 64, 77, 78, 80, 88, 142, 158, 170, 191, 207, 226, 253, 280, 302, 328], "summary": {"covered_lines": 30, "num_statements": 30, "percent_covered": 100.0, "percent_covered_display": "100", "missing_lines": 0, "excluded_lines": 0, "percent_statements_covered": 100.0, "percent_statements_covered_display": "100"}, "missing_lines": [], "excluded_lines": []}}}, "core/database/session.py": {"executed_lines": [1, 3, 5, 6, 9, 14, 23], "summary": {"covered_lines": 6, "num_statements": 6, "percent_covered": 100.0, "percent_covered_display": "100", "missing_lines": 0, "excluded_lines": 0, "percent_statements_covered": 100.0, "percent_statements_covered_display": "100"}, "missing_lines": [], "excluded_lines": [], "functions": {"": {"executed_lines": [1, 3, 5, 6, 9, 14, 23], "summary": {"covered_lines": 6, "num_statements": 6, "percent_covered": 100.0, "percent_covered_display": "100", "missing_lines": 0, "excluded_lines": 0, "percent_statements_covered": 100.0, "percent_statements_covered_display": "100"}, "missing_lines": [], "excluded_lines": []}}, "classes": {"": {"executed_lines": [1, 3, 5, 6, 9, 14, 23], "summary": {"covered_lines": 6, "num_statements": 6, "percent_covered": 100.0, "percent_covered_display": "100", "missing_lines": 0, "excluded_lines": 0, "percent_statements_covered": 100.0, "percent_statements_covered_display": "100"}, "missing_lines": [], "excluded_lines": []}}}, "core/dependency_graph.py": {"executed_lines": [1, 13, 14, 15, 16, 18, 25, 28, 29, 30, 32, 33, 34, 36, 37, 39, 40, 42, 45, 46, 48, 49, 50, 51, 54, 55, 57, 58, 59, 60, 61, 64, 65, 67, 74, 75, 76, 77, 78, 84, 85, 98, 100, 101, 102, 103, 104, 105, 107, 127, 128, 131, 132, 133, 134, 137, 138, 139, 140, 141, 142, 147, 149, 152, 153, 154, 157, 158, 160, 164, 174, 175, 178, 179, 182, 183, 184, 185, 188, 189, 192, 195, 196, 198, 200, 202, 204, 217, 218, 219, 221, 234, 235, 236, 238, 246, 248, 253, 254, 257, 258, 259, 260, 262, 263, 270, 272, 279, 280, 281, 283, 285, 287, 288, 290, 291, 292, 293, 294, 295, 296, 298, 299, 300, 301, 302, 304, 305, 308, 309, 310, 311, 312, 314, 316, 324, 327, 330, 331, 332, 334, 335, 337, 348, 349, 352, 353, 356, 361, 362, 363, 366, 370, 372, 374, 375, 378, 379, 380, 381, 384, 390, 391, 393, 395, 402, 403, 404, 405, 408, 409, 410, 412, 415, 416, 417, 419, 421, 423, 425, 427, 429, 431, 433], "summary": {"covered_lines": 178, "num_statements": 181, "percent_covered": 98.34254143646409, "percent_covered_display": "98", "missing_lines": 3, "excluded_lines": 0, "percent_statements_covered": 98.34254143646409, "percent_statements_covered_display": "98"}, "missing_lines": [41, 386, 387], "excluded_lines": [], "functions": {"PluginNode.__hash__": {"executed_lines": [37], "summary": {"covered_lines": 1, "num_statements": 1, "percent_covered": 100.0, "percent_covered_display": "100", "missing_lines": 0, "excluded_lines": 0, "percent_statements_covered": 100.0, "percent_statements_covered_display": "100"}, "missing_lines": [], "excluded_lines": []}, "PluginNode.__eq__": {"executed_lines": [40, 42], "summary": {"covered_lines": 2, "num_statements": 3, "percent_covered": 66.66666666666667, "percent_covered_display": "67", "missing_lines": 1, "excluded_lines": 0, "percent_statements_covered": 66.66666666666667, "percent_statements_covered_display": "67"}, "missing_lines": [41], "excluded_lines": []}, "CyclicDependencyError.__init__": {"executed_lines": [49, 50, 51], "summary": {"covered_lines": 3, "num_statements": 3, "percent_covered": 100.0, "percent_covered_display": "100", "missing_lines": 0, "excluded_lines": 0, "percent_statements_covered": 100.0, "percent_statements_covered_display": "100"}, "missing_lines": [], "excluded_lines": []}, "MissingDependencyError.__init__": {"executed_lines": [58, 59, 60, 61], "summary": {"covered_lines": 4, "num_statements": 4, "percent_covered": 100.0, "percent_covered_display": "100", "missing_lines": 0, "excluded_lines": 0, "percent_statements_covered": 100.0, "percent_statements_covered_display": "100"}, "missing_lines": [], "excluded_lines": []}, "VersionIncompatibilityError.__init__": {"executed_lines": [74, 75, 76, 77, 78], "summary": {"covered_lines": 5, "num_statements": 5, "percent_covered": 100.0, "percent_covered_display": "100", "missing_lines": 0, "excluded_lines": 0, "percent_statements_covered": 100.0, "percent_statements_covered_display": "100"}, "missing_lines": [], "excluded_lines": []}, "DependencyGraph.__init__": {"executed_lines": [100, 101, 102, 103, 104, 105], "summary": {"covered_lines": 6, "num_statements": 6, "percent_covered": 100.0, "percent_covered_display": "100", "missing_lines": 0, "excluded_lines": 0, "percent_statements_covered": 100.0, "percent_statements_covered_display": "100"}, "missing_lines": [], "excluded_lines": []}, "DependencyGraph.add_plugin": {"executed_lines": [127, 128, 131, 132, 133, 134, 137, 138, 139, 140, 141, 142, 147, 149, 152, 153, 154, 157, 158, 160], "summary": {"covered_lines": 20, "num_statements": 20, "percent_covered": 100.0, "percent_covered_display": "100", "missing_lines": 0, "excluded_lines": 0, "percent_statements_covered": 100.0, "percent_statements_covered_display": "100"}, "missing_lines": [], "excluded_lines": []}, "DependencyGraph.remove_plugin": {"executed_lines": [174, 175, 178, 179, 182, 183, 184, 185, 188, 189, 192, 195, 196, 198], "summary": {"covered_lines": 14, "num_statements": 14, "percent_covered": 100.0, "percent_covered_display": "100", "missing_lines": 0, "excluded_lines": 0, "percent_statements_covered": 100.0, "percent_statements_covered_display": "100"}, "missing_lines": [], "excluded_lines": []}, "DependencyGraph.has_plugin": {"executed_lines": [202], "summary": {"covered_lines": 1, "num_statements": 1, "percent_covered": 100.0, "percent_covered_display": "100", "missing_lines": 0, "excluded_lines": 0, "percent_statements_covered": 100.0, "percent_statements_covered_display": "100"}, "missing_lines": [], "excluded_lines": []}, "DependencyGraph.get_dependencies": {"executed_lines": [217, 218, 219], "summary": {"covered_lines": 3, "num_statements": 3, "percent_covered": 100.0, "percent_covered_display": "100", "missing_lines": 0, "excluded_lines": 0, "percent_statements_covered": 100.0, "percent_statements_covered_display": "100"}, "missing_lines": [], "excluded_lines": []}, "DependencyGraph.get_dependents": {"executed_lines": [234, 235, 236], "summary": {"covered_lines": 3, "num_statements": 3, "percent_covered": 100.0, "percent_covered_display": "100", "missing_lines": 0, "excluded_lines": 0, "percent_statements_covered": 100.0, "percent_statements_covered_display": "100"}, "missing_lines": [], "excluded_lines": []}, "DependencyGraph.validate_dependencies": {"executed_lines": [246, 248, 253, 254, 257, 258, 259, 260, 262, 263, 270], "summary": {"covered_lines": 11, "num_statements": 11, "percent_covered": 100.0, "percent_covered_display": "100", "missing_lines": 0, "excluded_lines": 0, "percent_statements_covered": 100.0, "percent_statements_covered_display": "100"}, "missing_lines": [], "excluded_lines": []}, "DependencyGraph.detect_cycle": {"executed_lines": [279, 280, 281, 283, 308, 309, 310, 311, 312, 314], "summary": {"covered_lines": 10, "num_statements": 10, "percent_covered": 100.0, "percent_covered_display": "100", "missing_lines": 0, "excluded_lines": 0, "percent_statements_covered": 100.0, "percent_statements_covered_display": "100"}, "missing_lines": [], "excluded_lines": []}, "DependencyGraph.detect_cycle.dfs": {"executed_lines": [285, 287, 288, 290, 291, 292, 293, 294, 295, 296, 298, 299, 300, 301, 302, 304, 305], "summary": {"covered_lines": 17, "num_statements": 17, "percent_covered": 100.0, "percent_covered_display": "100", "missing_lines": 0, "excluded_lines": 0, "percent_statements_covered": 100.0, "percent_statements_covered_display": "100"}, "missing_lines": [], "excluded_lines": []}, "DependencyGraph.build": {"executed_lines": [324, 327, 330, 331, 332, 334, 335], "summary": {"covered_lines": 7, "num_statements": 7, "percent_covered": 100.0, "percent_covered_display": "100", "missing_lines": 0, "excluded_lines": 0, "percent_statements_covered": 100.0, "percent_statements_covered_display": "100"}, "missing_lines": [], "excluded_lines": []}, "DependencyGraph.get_load_order": {"executed_lines": [348, 349, 352, 353, 356, 361, 362, 363, 366, 370, 372, 374, 375, 378, 379, 380, 381, 384, 390, 391, 393], "summary": {"covered_lines": 21, "num_statements": 23, "percent_covered": 91.30434782608695, "percent_covered_display": "91", "missing_lines": 2, "excluded_lines": 0, "percent_statements_covered": 91.30434782608695, "percent_statements_covered_display": "91"}, "missing_lines": [386, 387], "excluded_lines": []}, "DependencyGraph.export_dot": {"executed_lines": [402, 403, 404, 405, 408, 409, 410, 412, 415, 416, 417, 419, 421], "summary": {"covered_lines": 13, "num_statements": 13, "percent_covered": 100.0, "percent_covered_display": "100", "missing_lines": 0, "excluded_lines": 0, "percent_statements_covered": 100.0, "percent_statements_covered_display": "100"}, "missing_lines": [], "excluded_lines": []}, "DependencyGraph.__len__": {"executed_lines": [425], "summary": {"covered_lines": 1, "num_statements": 1, "percent_covered": 100.0, "percent_covered_display": "100", "missing_lines": 0, "excluded_lines": 0, "percent_statements_covered": 100.0, "percent_statements_covered_display": "100"}, "missing_lines": [], "excluded_lines": []}, "DependencyGraph.__contains__": {"executed_lines": [429], "summary": {"covered_lines": 1, "num_statements": 1, "percent_covered": 100.0, "percent_covered_display": "100", "missing_lines": 0, "excluded_lines": 0, "percent_statements_covered": 100.0, "percent_statements_covered_display": "100"}, "missing_lines": [], "excluded_lines": []}, "DependencyGraph.__repr__": {"executed_lines": [433], "summary": {"covered_lines": 1, "num_statements": 1, "percent_covered": 100.0, "percent_covered_display": "100", "missing_lines": 0, "excluded_lines": 0, "percent_statements_covered": 100.0, "percent_statements_covered_display": "100"}, "missing_lines": [], "excluded_lines": []}, "": {"executed_lines": [1, 13, 14, 15, 16, 18, 25, 28, 29, 30, 32, 33, 34, 36, 39, 45, 46, 48, 54, 55, 57, 64, 65, 67, 84, 85, 98, 107, 164, 200, 204, 221, 238, 272, 316, 337, 395, 423, 427, 431], "summary": {"covered_lines": 34, "num_statements": 34, "percent_covered": 100.0, "percent_covered_display": "100", "missing_lines": 0, "excluded_lines": 0, "percent_statements_covered": 100.0, "percent_statements_covered_display": "100"}, "missing_lines": [], "excluded_lines": []}}, "classes": {"PluginNode": {"executed_lines": [37, 40, 42], "summary": {"covered_lines": 3, "num_statements": 4, "percent_covered": 75.0, "percent_covered_display": "75", "missing_lines": 1, "excluded_lines": 0, "percent_statements_covered": 75.0, "percent_statements_covered_display": "75"}, "missing_lines": [41], "excluded_lines": []}, "CyclicDependencyError": {"executed_lines": [49, 50, 51], "summary": {"covered_lines": 3, "num_statements": 3, "percent_covered": 100.0, "percent_covered_display": "100", "missing_lines": 0, "excluded_lines": 0, "percent_statements_covered": 100.0, "percent_statements_covered_display": "100"}, "missing_lines": [], "excluded_lines": []}, "MissingDependencyError": {"executed_lines": [58, 59, 60, 61], "summary": {"covered_lines": 4, "num_statements": 4, "percent_covered": 100.0, "percent_covered_display": "100", "missing_lines": 0, "excluded_lines": 0, "percent_statements_covered": 100.0, "percent_statements_covered_display": "100"}, "missing_lines": [], "excluded_lines": []}, "VersionIncompatibilityError": {"executed_lines": [74, 75, 76, 77, 78], "summary": {"covered_lines": 5, "num_statements": 5, "percent_covered": 100.0, "percent_covered_display": "100", "missing_lines": 0, "excluded_lines": 0, "percent_statements_covered": 100.0, "percent_statements_covered_display": "100"}, "missing_lines": [], "excluded_lines": []}, "DependencyGraph": {"executed_lines": [100, 101, 102, 103, 104, 105, 127, 128, 131, 132, 133, 134, 137, 138, 139, 140, 141, 142, 147, 149, 152, 153, 154, 157, 158, 160, 174, 175, 178, 179, 182, 183, 184, 185, 188, 189, 192, 195, 196, 198, 202, 217, 218, 219, 234, 235, 236, 246, 248, 253, 254, 257, 258, 259, 260, 262, 263, 270, 279, 280, 281, 283, 285, 287, 288, 290, 291, 292, 293, 294, 295, 296, 298, 299, 300, 301, 302, 304, 305, 308, 309, 310, 311, 312, 314, 324, 327, 330, 331, 332, 334, 335, 348, 349, 352, 353, 356, 361, 362, 363, 366, 370, 372, 374, 375, 378, 379, 380, 381, 384, 390, 391, 393, 402, 403, 404, 405, 408, 409, 410, 412, 415, 416, 417, 419, 421, 425, 429, 433], "summary": {"covered_lines": 129, "num_statements": 131, "percent_covered": 98.47328244274809, "percent_covered_display": "98", "missing_lines": 2, "excluded_lines": 0, "percent_statements_covered": 98.47328244274809, "percent_statements_covered_display": "98"}, "missing_lines": [386, 387], "excluded_lines": []}, "": {"executed_lines": [1, 13, 14, 15, 16, 18, 25, 28, 29, 30, 32, 33, 34, 36, 39, 45, 46, 48, 54, 55, 57, 64, 65, 67, 84, 85, 98, 107, 164, 200, 204, 221, 238, 272, 316, 337, 395, 423, 427, 431], "summary": {"covered_lines": 34, "num_statements": 34, "percent_covered": 100.0, "percent_covered_display": "100", "missing_lines": 0, "excluded_lines": 0, "percent_statements_covered": 100.0, "percent_statements_covered_display": "100"}, "missing_lines": [], "excluded_lines": []}}}, "core/fraud/__init__.py": {"executed_lines": [1, 3, 4, 6], "summary": {"covered_lines": 3, "num_statements": 3, "percent_covered": 100.0, "percent_covered_display": "100", "missing_lines": 0, "excluded_lines": 0, "percent_statements_covered": 100.0, "percent_statements_covered_display": "100"}, "missing_lines": [], "excluded_lines": [], "functions": {"": {"executed_lines": [1, 3, 4, 6], "summary": {"covered_lines": 3, "num_statements": 3, "percent_covered": 100.0, "percent_covered_display": "100", "missing_lines": 0, "excluded_lines": 0, "percent_statements_covered": 100.0, "percent_statements_covered_display": "100"}, "missing_lines": [], "excluded_lines": []}}, "classes": {"": {"executed_lines": [1, 3, 4, 6], "summary": {"covered_lines": 3, "num_statements": 3, "percent_covered": 100.0, "percent_covered_display": "100", "missing_lines": 0, "excluded_lines": 0, "percent_statements_covered": 100.0, "percent_statements_covered_display": "100"}, "missing_lines": [], "excluded_lines": []}}}, "core/fraud/detection_plugin_wrapper.py": {"executed_lines": [1, 3, 4, 6, 8, 11, 12, 19, 33, 34, 35, 37, 39, 41, 43, 45, 55, 56, 60, 63, 65, 67, 69, 70, 72, 74, 75, 77], "summary": {"covered_lines": 26, "num_statements": 26, "percent_covered": 100.0, "percent_covered_display": "100", "missing_lines": 0, "excluded_lines": 0, "percent_statements_covered": 100.0, "percent_statements_covered_display": "100"}, "missing_lines": [], "excluded_lines": [], "functions": {"DetectionPluginWrapper.__init__": {"executed_lines": [33, 34, 35], "summary": {"covered_lines": 3, "num_statements": 3, "percent_covered": 100.0, "percent_covered_display": "100", "missing_lines": 0, "excluded_lines": 0, "percent_statements_covered": 100.0, "percent_statements_covered_display": "100"}, "missing_lines": [], "excluded_lines": []}, "DetectionPluginWrapper.get_metadata": {"executed_lines": [39], "summary": {"covered_lines": 1, "num_statements": 1, "percent_covered": 100.0, "percent_covered_display": "100", "missing_lines": 0, "excluded_lines": 0, "percent_statements_covered": 100.0, "percent_statements_covered_display": "100"}, "missing_lines": [], "excluded_lines": []}, "DetectionPluginWrapper.analyze": {"executed_lines": [43], "summary": {"covered_lines": 1, "num_statements": 1, "percent_covered": 100.0, "percent_covered_display": "100", "missing_lines": 0, "excluded_lines": 0, "percent_statements_covered": 100.0, "percent_statements_covered_display": "100"}, "missing_lines": [], "excluded_lines": []}, "DetectionPluginWrapper.get_weight": {"executed_lines": [55, 56, 60, 63], "summary": {"covered_lines": 4, "num_statements": 4, "percent_covered": 100.0, "percent_covered_display": "100", "missing_lines": 0, "excluded_lines": 0, "percent_statements_covered": 100.0, "percent_statements_covered_display": "100"}, "missing_lines": [], "excluded_lines": []}, "DetectionPluginWrapper.shutdown": {"executed_lines": [67], "summary": {"covered_lines": 1, "num_statements": 1, "percent_covered": 100.0, "percent_covered_display": "100", "missing_lines": 0, "excluded_lines": 0, "percent_statements_covered": 100.0, "percent_statements_covered_display": "100"}, "missing_lines": [], "excluded_lines": []}, "DetectionPluginWrapper.plugin_id": {"executed_lines": [72], "summary": {"covered_lines": 1, "num_statements": 1, "percent_covered": 100.0, "percent_covered_display": "100", "missing_lines": 0, "excluded_lines": 0, "percent_statements_covered": 100.0, "percent_statements_covered_display": "100"}, "missing_lines": [], "excluded_lines": []}, "DetectionPluginWrapper.wrapped_plugin": {"executed_lines": [77], "summary": {"covered_lines": 1, "num_statements": 1, "percent_covered": 100.0, "percent_covered_display": "100", "missing_lines": 0, "excluded_lines": 0, "percent_statements_covered": 100.0, "percent_statements_covered_display": "100"}, "missing_lines": [], "excluded_lines": []}, "": {"executed_lines": [1, 3, 4, 6, 8, 11, 12, 19, 37, 41, 45, 65, 69, 70, 74, 75], "summary": {"covered_lines": 14, "num_statements": 14, "percent_covered": 100.0, "percent_covered_display": "100", "missing_lines": 0, "excluded_lines": 0, "percent_statements_covered": 100.0, "percent_statements_covered_display": "100"}, "missing_lines": [], "excluded_lines": []}}, "classes": {"DetectionPluginWrapper": {"executed_lines": [33, 34, 35, 39, 43, 55, 56, 60, 63, 67, 72, 77], "summary": {"covered_lines": 12, "num_statements": 12, "percent_covered": 100.0, "percent_covered_display": "100", "missing_lines": 0, "excluded_lines": 0, "percent_statements_covered": 100.0, "percent_statements_covered_display": "100"}, "missing_lines": [], "excluded_lines": []}, "": {"executed_lines": [1, 3, 4, 6, 8, 11, 12, 19, 37, 41, 45, 65, 69, 70, 74, 75], "summary": {"covered_lines": 14, "num_statements": 14, "percent_covered": 100.0, "percent_covered_display": "100", "missing_lines": 0, "excluded_lines": 0, "percent_statements_covered": 100.0, "percent_statements_covered_display": "100"}, "missing_lines": [], "excluded_lines": []}}}, "core/fraud/risk_scoring_orchestrator.py": {"executed_lines": [1, 3, 4, 5, 7, 9, 15, 18, 19, 32, 33, 34, 35, 36, 37, 38, 39, 42, 43, 53, 64, 65, 66, 70, 76, 77, 78, 79, 81, 90, 91, 92, 93, 94, 95, 96, 98, 110, 111, 113, 116, 117, 120, 122, 123, 124, 126, 127, 129, 133, 135, 136, 137, 140, 143, 145, 151, 152, 153, 156, 157, 158, 161, 164, 167, 170, 182, 193, 199, 201, 212, 213, 216, 217, 218, 220, 222, 231, 232, 233, 234, 237, 238, 241, 243, 245, 249, 250, 253, 256, 261, 266, 268, 270, 284, 285, 286, 287, 289, 291, 297], "summary": {"covered_lines": 98, "num_statements": 100, "percent_covered": 98.0, "percent_covered_display": "98", "missing_lines": 2, "excluded_lines": 0, "percent_statements_covered": 98.0, "percent_statements_covered_display": "98"}, "missing_lines": [246, 251], "excluded_lines": [], "functions": {"RiskScoringOrchestrator.__init__": {"executed_lines": [64, 65, 66], "summary": {"covered_lines": 3, "num_statements": 3, "percent_covered": 100.0, "percent_covered_display": "100", "missing_lines": 0, "excluded_lines": 0, "percent_statements_covered": 100.0, "percent_statements_covered_display": "100"}, "missing_lines": [], "excluded_lines": []}, "RiskScoringOrchestrator.register_plugin": {"executed_lines": [76, 77, 78, 79], "summary": {"covered_lines": 4, "num_statements": 4, "percent_covered": 100.0, "percent_covered_display": "100", "missing_lines": 0, "excluded_lines": 0, "percent_statements_covered": 100.0, "percent_statements_covered_display": "100"}, "missing_lines": [], "excluded_lines": []}, "RiskScoringOrchestrator.unregister_plugin": {"executed_lines": [90, 91, 92, 93, 94, 95, 96], "summary": {"covered_lines": 7, "num_statements": 7, "percent_covered": 100.0, "percent_covered_display": "100", "missing_lines": 0, "excluded_lines": 0, "percent_statements_covered": 100.0, "percent_statements_covered_display": "100"}, "missing_lines": [], "excluded_lines": []}, "RiskScoringOrchestrator.run": {"executed_lines": [110, 111, 113, 116, 117, 120, 143, 145, 151, 152, 153, 156, 157, 158, 161, 164, 167, 170, 182, 193, 199], "summary": {"covered_lines": 21, "num_statements": 21, "percent_covered": 100.0, "percent_covered_display": "100", "missing_lines": 0, "excluded_lines": 0, "percent_statements_covered": 100.0, "percent_statements_covered_display": "100"}, "missing_lines": [], "excluded_lines": []}, "RiskScoringOrchestrator.run.run_plugin_safe": {"executed_lines": [122, 123, 124, 126, 127, 129, 133, 135, 136, 137, 140], "summary": {"covered_lines": 11, "num_statements": 11, "percent_covered": 100.0, "percent_covered_display": "100", "missing_lines": 0, "excluded_lines": 0, "percent_statements_covered": 100.0, "percent_statements_covered_display": "100"}, "missing_lines": [], "excluded_lines": []}, "RiskScoringOrchestrator._compute_weighted_score": {"executed_lines": [212, 213, 216, 217, 218, 220, 222, 231, 232, 233, 234, 237, 238, 241, 243, 245, 249, 250, 253, 256, 261, 266, 268], "summary": {"covered_lines": 23, "num_statements": 25, "percent_covered": 92.0, "percent_covered_display": "92", "missing_lines": 2, "excluded_lines": 0, "percent_statements_covered": 92.0, "percent_statements_covered_display": "92"}, "missing_lines": [246, 251], "excluded_lines": []}, "RiskScoringOrchestrator._determine_risk_level": {"executed_lines": [284, 285, 286, 287, 289], "summary": {"covered_lines": 5, "num_statements": 5, "percent_covered": 100.0, "percent_covered_display": "100", "missing_lines": 0, "excluded_lines": 0, "percent_statements_covered": 100.0, "percent_statements_covered_display": "100"}, "missing_lines": [], "excluded_lines": []}, "RiskScoringOrchestrator.get_statistics": {"executed_lines": [297], "summary": {"covered_lines": 1, "num_statements": 1, "percent_covered": 100.0, "percent_covered_display": "100", "missing_lines": 0, "excluded_lines": 0, "percent_statements_covered": 100.0, "percent_statements_covered_display": "100"}, "missing_lines": [], "excluded_lines": []}, "": {"executed_lines": [1, 3, 4, 5, 7, 9, 15, 18, 19, 32, 33, 34, 35, 36, 37, 38, 39, 42, 43, 53, 70, 81, 98, 201, 270, 291], "summary": {"covered_lines": 23, "num_statements": 23, "percent_covered": 100.0, "percent_covered_display": "100", "missing_lines": 0, "excluded_lines": 0, "percent_statements_covered": 100.0, "percent_statements_covered_display": "100"}, "missing_lines": [], "excluded_lines": []}}, "classes": {"FraudScore": {"executed_lines": [], "summary": {"covered_lines": 0, "num_statements": 0, "percent_covered": 100.0, "percent_covered_display": "100", "missing_lines": 0, "excluded_lines": 0, "percent_statements_covered": 100.0, "percent_statements_covered_display": "100"}, "missing_lines": [], "excluded_lines": []}, "RiskScoringOrchestrator": {"executed_lines": [64, 65, 66, 76, 77, 78, 79, 90, 91, 92, 93, 94, 95, 96, 110, 111, 113, 116, 117, 120, 122, 123, 124, 126, 127, 129, 133, 135, 136, 137, 140, 143, 145, 151, 152, 153, 156, 157, 158, 161, 164, 167, 170, 182, 193, 199, 212, 213, 216, 217, 218, 220, 222, 231, 232, 233, 234, 237, 238, 241, 243, 245, 249, 250, 253, 256, 261, 266, 268, 284, 285, 286, 287, 289, 297], "summary": {"covered_lines": 75, "num_statements": 77, "percent_covered": 97.40259740259741, "percent_covered_display": "97", "missing_lines": 2, "excluded_lines": 0, "percent_statements_covered": 97.40259740259741, "percent_statements_covered_display": "97"}, "missing_lines": [246, 251], "excluded_lines": []}, "": {"executed_lines": [1, 3, 4, 5, 7, 9, 15, 18, 19, 32, 33, 34, 35, 36, 37, 38, 39, 42, 43, 53, 70, 81, 98, 201, 270, 291], "summary": {"covered_lines": 23, "num_statements": 23, "percent_covered": 100.0, "percent_covered_display": "100", "missing_lines": 0, "excluded_lines": 0, "percent_statements_covered": 100.0, "percent_statements_covered_display": "100"}, "missing_lines": [], "excluded_lines": []}}}, "core/interfaces/detection_plugin.py": {"executed_lines": [1, 2, 4, 7, 8, 18, 19, 20, 21, 22, 25, 26, 35, 36, 37, 38, 41, 42, 48, 49, 57, 58, 69, 70, 78], "summary": {"covered_lines": 22, "num_statements": 26, "percent_covered": 84.61538461538461, "percent_covered_display": "85", "missing_lines": 4, "excluded_lines": 0, "percent_statements_covered": 84.61538461538461, "percent_statements_covered_display": "85"}, "missing_lines": [55, 67, 76, 84], "excluded_lines": [], "functions": {"DetectionPlugin.get_metadata": {"executed_lines": [], "summary": {"covered_lines": 0, "num_statements": 1, "percent_covered": 0.0, "percent_covered_display": "0", "missing_lines": 1, "excluded_lines": 0, "percent_statements_covered": 0.0, "percent_statements_covered_display": "0"}, "missing_lines": [55], "excluded_lines": []}, "DetectionPlugin.analyze": {"executed_lines": [], "summary": {"covered_lines": 0, "num_statements": 1, "percent_covered": 0.0, "percent_covered_display": "0", "missing_lines": 1, "excluded_lines": 0, "percent_statements_covered": 0.0, "percent_statements_covered_display": "0"}, "missing_lines": [67], "excluded_lines": []}, "DetectionPlugin.get_weight": {"executed_lines": [], "summary": {"covered_lines": 0, "num_statements": 1, "percent_covered": 0.0, "percent_covered_display": "0", "missing_lines": 1, "excluded_lines": 0, "percent_statements_covered": 0.0, "percent_statements_covered_display": "0"}, "missing_lines": [76], "excluded_lines": []}, "DetectionPlugin.shutdown": {"executed_lines": [], "summary": {"covered_lines": 0, "num_statements": 1, "percent_covered": 0.0, "percent_covered_display": "0", "missing_lines": 1, "excluded_lines": 0, "percent_statements_covered": 0.0, "percent_statements_covered_display": "0"}, "missing_lines": [84], "excluded_lines": []}, "": {"executed_lines": [1, 2, 4, 7, 8, 18, 19, 20, 21, 22, 25, 26, 35, 36, 37, 38, 41, 42, 48, 49, 57, 58, 69, 70, 78], "summary": {"covered_lines": 22, "num_statements": 22, "percent_covered": 100.0, "percent_covered_display": "100", "missing_lines": 0, "excluded_lines": 0, "percent_statements_covered": 100.0, "percent_statements_covered_display": "100"}, "missing_lines": [], "excluded_lines": []}}, "classes": {"RiskSignal": {"executed_lines": [], "summary": {"covered_lines": 0, "num_statements": 0, "percent_covered": 100.0, "percent_covered_display": "100", "missing_lines": 0, "excluded_lines": 0, "percent_statements_covered": 100.0, "percent_statements_covered_display": "100"}, "missing_lines": [], "excluded_lines": []}, "DetectionResult": {"executed_lines": [], "summary": {"covered_lines": 0, "num_statements": 0, "percent_covered": 100.0, "percent_covered_display": "100", "missing_lines": 0, "excluded_lines": 0, "percent_statements_covered": 100.0, "percent_statements_covered_display": "100"}, "missing_lines": [], "excluded_lines": []}, "DetectionPlugin": {"executed_lines": [], "summary": {"covered_lines": 0, "num_statements": 4, "percent_covered": 0.0, "percent_covered_display": "0", "missing_lines": 4, "excluded_lines": 0, "percent_statements_covered": 0.0, "percent_statements_covered_display": "0"}, "missing_lines": [55, 67, 76, 84], "excluded_lines": []}, "": {"executed_lines": [1, 2, 4, 7, 8, 18, 19, 20, 21, 22, 25, 26, 35, 36, 37, 38, 41, 42, 48, 49, 57, 58, 69, 70, 78], "summary": {"covered_lines": 22, "num_statements": 22, "percent_covered": 100.0, "percent_covered_display": "100", "missing_lines": 0, "excluded_lines": 0, "percent_statements_covered": 100.0, "percent_statements_covered_display": "100"}, "missing_lines": [], "excluded_lines": []}}}, "core/interfaces/processing_plugin.py": {"executed_lines": [1, 2, 5, 6, 7, 10, 11, 14, 15, 18], "summary": {"covered_lines": 10, "num_statements": 14, "percent_covered": 71.42857142857143, "percent_covered_display": "71", "missing_lines": 4, "excluded_lines": 0, "percent_statements_covered": 71.42857142857143, "percent_statements_covered_display": "71"}, "missing_lines": [8, 12, 16, 30], "excluded_lines": [], "functions": {"ProcessingPlugin.get_metadata": {"executed_lines": [], "summary": {"covered_lines": 0, "num_statements": 1, "percent_covered": 0.0, "percent_covered_display": "0", "missing_lines": 1, "excluded_lines": 0, "percent_statements_covered": 0.0, "percent_statements_covered_display": "0"}, "missing_lines": [8], "excluded_lines": []}, "ProcessingPlugin.process": {"executed_lines": [], "summary": {"covered_lines": 0, "num_statements": 1, "percent_covered": 0.0, "percent_covered_display": "0", "missing_lines": 1, "excluded_lines": 0, "percent_statements_covered": 0.0, "percent_statements_covered_display": "0"}, "missing_lines": [12], "excluded_lines": []}, "ProcessingPlugin.get_priority": {"executed_lines": [], "summary": {"covered_lines": 0, "num_statements": 1, "percent_covered": 0.0, "percent_covered_display": "0", "missing_lines": 1, "excluded_lines": 0, "percent_statements_covered": 0.0, "percent_statements_covered_display": "0"}, "missing_lines": [16], "excluded_lines": []}, "ProcessingPlugin.shutdown": {"executed_lines": [], "summary": {"covered_lines": 0, "num_statements": 1, "percent_covered": 0.0, "percent_covered_display": "0", "missing_lines": 1, "excluded_lines": 0, "percent_statements_covered": 0.0, "percent_statements_covered_display": "0"}, "missing_lines": [30], "excluded_lines": []}, "": {"executed_lines": [1, 2, 5, 6, 7, 10, 11, 14, 15, 18], "summary": {"covered_lines": 10, "num_statements": 10, "percent_covered": 100.0, "percent_covered_display": "100", "missing_lines": 0, "excluded_lines": 0, "percent_statements_covered": 100.0, "percent_statements_covered_display": "100"}, "missing_lines": [], "excluded_lines": []}}, "classes": {"ProcessingPlugin": {"executed_lines": [], "summary": {"covered_lines": 0, "num_statements": 4, "percent_covered": 0.0, "percent_covered_display": "0", "missing_lines": 4, "excluded_lines": 0, "percent_statements_covered": 0.0, "percent_statements_covered_display": "0"}, "missing_lines": [8, 12, 16, 30], "excluded_lines": []}, "": {"executed_lines": [1, 2, 5, 6, 7, 10, 11, 14, 15, 18], "summary": {"covered_lines": 10, "num_statements": 10, "percent_covered": 100.0, "percent_covered_display": "100", "missing_lines": 0, "excluded_lines": 0, "percent_statements_covered": 100.0, "percent_statements_covered_display": "100"}, "missing_lines": [], "excluded_lines": []}}}, "core/interfaces/queue_plugin.py": {"executed_lines": [1, 8, 9, 12, 13, 20, 21, 30, 31, 39, 40, 57, 58, 77, 78, 87, 88, 97, 98, 108, 109, 121, 122, 134, 135, 145, 146, 155, 156, 165, 166, 179, 180, 189, 190], "summary": {"covered_lines": 33, "num_statements": 48, "percent_covered": 68.75, "percent_covered_display": "69", "missing_lines": 15, "excluded_lines": 0, "percent_statements_covered": 68.75, "percent_statements_covered_display": "69"}, "missing_lines": [28, 37, 55, 75, 85, 95, 106, 119, 132, 143, 153, 163, 177, 187, 200], "excluded_lines": [], "functions": {"QueuePlugin.connect": {"executed_lines": [], "summary": {"covered_lines": 0, "num_statements": 1, "percent_covered": 0.0, "percent_covered_display": "0", "missing_lines": 1, "excluded_lines": 0, "percent_statements_covered": 0.0, "percent_statements_covered_display": "0"}, "missing_lines": [28], "excluded_lines": []}, "QueuePlugin.disconnect": {"executed_lines": [], "summary": {"covered_lines": 0, "num_statements": 1, "percent_covered": 0.0, "percent_covered_display": "0", "missing_lines": 1, "excluded_lines": 0, "percent_statements_covered": 0.0, "percent_statements_covered_display": "0"}, "missing_lines": [37], "excluded_lines": []}, "QueuePlugin.publish": {"executed_lines": [], "summary": {"covered_lines": 0, "num_statements": 1, "percent_covered": 0.0, "percent_covered_display": "0", "missing_lines": 1, "excluded_lines": 0, "percent_statements_covered": 0.0, "percent_statements_covered_display": "0"}, "missing_lines": [55], "excluded_lines": []}, "QueuePlugin.subscribe": {"executed_lines": [], "summary": {"covered_lines": 0, "num_statements": 1, "percent_covered": 0.0, "percent_covered_display": "0", "missing_lines": 1, "excluded_lines": 0, "percent_statements_covered": 0.0, "percent_statements_covered_display": "0"}, "missing_lines": [75], "excluded_lines": []}, "QueuePlugin.unsubscribe": {"executed_lines": [], "summary": {"covered_lines": 0, "num_statements": 1, "percent_covered": 0.0, "percent_covered_display": "0", "missing_lines": 1, "excluded_lines": 0, "percent_statements_covered": 0.0, "percent_statements_covered_display": "0"}, "missing_lines": [85], "excluded_lines": []}, "QueuePlugin.acknowledge": {"executed_lines": [], "summary": {"covered_lines": 0, "num_statements": 1, "percent_covered": 0.0, "percent_covered_display": "0", "missing_lines": 1, "excluded_lines": 0, "percent_statements_covered": 0.0, "percent_statements_covered_display": "0"}, "missing_lines": [95], "excluded_lines": []}, "QueuePlugin.reject": {"executed_lines": [], "summary": {"covered_lines": 0, "num_statements": 1, "percent_covered": 0.0, "percent_covered_display": "0", "missing_lines": 1, "excluded_lines": 0, "percent_statements_covered": 0.0, "percent_statements_covered_display": "0"}, "missing_lines": [106], "excluded_lines": []}, "QueuePlugin.get_queue_size": {"executed_lines": [], "summary": {"covered_lines": 0, "num_statements": 1, "percent_covered": 0.0, "percent_covered_display": "0", "missing_lines": 1, "excluded_lines": 0, "percent_statements_covered": 0.0, "percent_statements_covered_display": "0"}, "missing_lines": [119], "excluded_lines": []}, "QueuePlugin.purge_queue": {"executed_lines": [], "summary": {"covered_lines": 0, "num_statements": 1, "percent_covered": 0.0, "percent_covered_display": "0", "missing_lines": 1, "excluded_lines": 0, "percent_statements_covered": 0.0, "percent_statements_covered_display": "0"}, "missing_lines": [132], "excluded_lines": []}, "QueuePlugin.create_topic": {"executed_lines": [], "summary": {"covered_lines": 0, "num_statements": 1, "percent_covered": 0.0, "percent_covered_display": "0", "missing_lines": 1, "excluded_lines": 0, "percent_statements_covered": 0.0, "percent_statements_covered_display": "0"}, "missing_lines": [143], "excluded_lines": []}, "QueuePlugin.delete_topic": {"executed_lines": [], "summary": {"covered_lines": 0, "num_statements": 1, "percent_covered": 0.0, "percent_covered_display": "0", "missing_lines": 1, "excluded_lines": 0, "percent_statements_covered": 0.0, "percent_statements_covered_display": "0"}, "missing_lines": [153], "excluded_lines": []}, "QueuePlugin.list_topics": {"executed_lines": [], "summary": {"covered_lines": 0, "num_statements": 1, "percent_covered": 0.0, "percent_covered_display": "0", "missing_lines": 1, "excluded_lines": 0, "percent_statements_covered": 0.0, "percent_statements_covered_display": "0"}, "missing_lines": [163], "excluded_lines": []}, "QueuePlugin.get_statistics": {"executed_lines": [], "summary": {"covered_lines": 0, "num_statements": 1, "percent_covered": 0.0, "percent_covered_display": "0", "missing_lines": 1, "excluded_lines": 0, "percent_statements_covered": 0.0, "percent_statements_covered_display": "0"}, "missing_lines": [177], "excluded_lines": []}, "QueuePlugin.is_connected": {"executed_lines": [], "summary": {"covered_lines": 0, "num_statements": 1, "percent_covered": 0.0, "percent_covered_display": "0", "missing_lines": 1, "excluded_lines": 0, "percent_statements_covered": 0.0, "percent_statements_covered_display": "0"}, "missing_lines": [187], "excluded_lines": []}, "QueuePlugin.health_check": {"executed_lines": [], "summary": {"covered_lines": 0, "num_statements": 1, "percent_covered": 0.0, "percent_covered_display": "0", "missing_lines": 1, "excluded_lines": 0, "percent_statements_covered": 0.0, "percent_statements_covered_display": "0"}, "missing_lines": [200], "excluded_lines": []}, "": {"executed_lines": [1, 8, 9, 12, 13, 20, 21, 30, 31, 39, 40, 57, 58, 77, 78, 87, 88, 97, 98, 108, 109, 121, 122, 134, 135, 145, 146, 155, 156, 165, 166, 179, 180, 189, 190], "summary": {"covered_lines": 33, "num_statements": 33, "percent_covered": 100.0, "percent_covered_display": "100", "missing_lines": 0, "excluded_lines": 0, "percent_statements_covered": 100.0, "percent_statements_covered_display": "100"}, "missing_lines": [], "excluded_lines": []}}, "classes": {"QueuePlugin": {"executed_lines": [], "summary": {"covered_lines": 0, "num_statements": 15, "percent_covered": 0.0, "percent_covered_display": "0", "missing_lines": 15, "excluded_lines": 0, "percent_statements_covered": 0.0, "percent_statements_covered_display": "0"}, "missing_lines": [28, 37, 55, 75, 85, 95, 106, 119, 132, 143, 153, 163, 177, 187, 200], "excluded_lines": []}, "": {"executed_lines": [1, 8, 9, 12, 13, 20, 21, 30, 31, 39, 40, 57, 58, 77, 78, 87, 88, 97, 98, 108, 109, 121, 122, 134, 135, 145, 146, 155, 156, 165, 166, 179, 180, 189, 190], "summary": {"covered_lines": 33, "num_statements": 33, "percent_covered": 100.0, "percent_covered_display": "100", "missing_lines": 0, "excluded_lines": 0, "percent_statements_covered": 100.0, "percent_statements_covered_display": "100"}, "missing_lines": [], "excluded_lines": []}}}, "core/interfaces/source_plugin.py": {"executed_lines": [1, 3, 4, 7, 8, 10, 11, 14, 15, 18, 19, 22, 23, 27, 28, 31, 32, 35, 36, 39], "summary": {"covered_lines": 19, "num_statements": 27, "percent_covered": 70.37037037037037, "percent_covered_display": "70", "missing_lines": 8, "excluded_lines": 0, "percent_statements_covered": 70.37037037037037, "percent_statements_covered_display": "70"}, "missing_lines": [12, 16, 20, 25, 29, 33, 37, 51], "excluded_lines": [], "functions": {"SourcePlugin.get_metadata": {"executed_lines": [], "summary": {"covered_lines": 0, "num_statements": 1, "percent_covered": 0.0, "percent_covered_display": "0", "missing_lines": 1, "excluded_lines": 0, "percent_statements_covered": 0.0, "percent_statements_covered_display": "0"}, "missing_lines": [12], "excluded_lines": []}, "SourcePlugin.configure": {"executed_lines": [], "summary": {"covered_lines": 0, "num_statements": 1, "percent_covered": 0.0, "percent_covered_display": "0", "missing_lines": 1, "excluded_lines": 0, "percent_statements_covered": 0.0, "percent_statements_covered_display": "0"}, "missing_lines": [16], "excluded_lines": []}, "SourcePlugin.validate_config": {"executed_lines": [], "summary": {"covered_lines": 0, "num_statements": 1, "percent_covered": 0.0, "percent_covered_display": "0", "missing_lines": 1, "excluded_lines": 0, "percent_statements_covered": 0.0, "percent_statements_covered_display": "0"}, "missing_lines": [20], "excluded_lines": []}, "SourcePlugin.scrape": {"executed_lines": [], "summary": {"covered_lines": 0, "num_statements": 1, "percent_covered": 0.0, "percent_covered_display": "0", "missing_lines": 1, "excluded_lines": 0, "percent_statements_covered": 0.0, "percent_statements_covered_display": "0"}, "missing_lines": [25], "excluded_lines": []}, "SourcePlugin.scrape_single": {"executed_lines": [], "summary": {"covered_lines": 0, "num_statements": 1, "percent_covered": 0.0, "percent_covered_display": "0", "missing_lines": 1, "excluded_lines": 0, "percent_statements_covered": 0.0, "percent_statements_covered_display": "0"}, "missing_lines": [29], "excluded_lines": []}, "SourcePlugin.validate_listing": {"executed_lines": [], "summary": {"covered_lines": 0, "num_statements": 1, "percent_covered": 0.0, "percent_covered_display": "0", "missing_lines": 1, "excluded_lines": 0, "percent_statements_covered": 0.0, "percent_statements_covered_display": "0"}, "missing_lines": [33], "excluded_lines": []}, "SourcePlugin.get_statistics": {"executed_lines": [], "summary": {"covered_lines": 0, "num_statements": 1, "percent_covered": 0.0, "percent_covered_display": "0", "missing_lines": 1, "excluded_lines": 0, "percent_statements_covered": 0.0, "percent_statements_covered_display": "0"}, "missing_lines": [37], "excluded_lines": []}, "SourcePlugin.shutdown": {"executed_lines": [], "summary": {"covered_lines": 0, "num_statements": 1, "percent_covered": 0.0, "percent_covered_display": "0", "missing_lines": 1, "excluded_lines": 0, "percent_statements_covered": 0.0, "percent_statements_covered_display": "0"}, "missing_lines": [51], "excluded_lines": []}, "": {"executed_lines": [1, 3, 4, 7, 8, 10, 11, 14, 15, 18, 19, 22, 23, 27, 28, 31, 32, 35, 36, 39], "summary": {"covered_lines": 19, "num_statements": 19, "percent_covered": 100.0, "percent_covered_display": "100", "missing_lines": 0, "excluded_lines": 0, "percent_statements_covered": 100.0, "percent_statements_covered_display": "100"}, "missing_lines": [], "excluded_lines": []}}, "classes": {"SourcePlugin": {"executed_lines": [], "summary": {"covered_lines": 0, "num_statements": 8, "percent_covered": 0.0, "percent_covered_display": "0", "missing_lines": 8, "excluded_lines": 0, "percent_statements_covered": 0.0, "percent_statements_covered_display": "0"}, "missing_lines": [12, 16, 20, 25, 29, 33, 37, 51], "excluded_lines": []}, "": {"executed_lines": [1, 3, 4, 7, 8, 10, 11, 14, 15, 18, 19, 22, 23, 27, 28, 31, 32, 35, 36, 39], "summary": {"covered_lines": 19, "num_statements": 19, "percent_covered": 100.0, "percent_covered_display": "100", "missing_lines": 0, "excluded_lines": 0, "percent_statements_covered": 100.0, "percent_statements_covered_display": "100"}, "missing_lines": [], "excluded_lines": []}}}, "core/models/events.py": {"executed_lines": [1, 8, 9, 10, 11, 13, 16, 17, 19, 20, 21, 22, 23, 24, 27, 28, 30, 31, 32, 33, 34, 37, 38, 44, 45, 46, 47, 48, 51, 52, 53, 56, 57, 58, 61, 62, 64, 67, 68, 75, 78, 83, 84, 87, 88, 91, 92, 93, 95, 97, 99, 100, 102, 105, 106, 112, 115, 120, 121, 122, 125, 127, 131, 132, 137, 138, 144, 147, 152, 153, 154, 157, 158, 159, 162, 163, 165, 167, 169, 170, 175, 176, 182, 185, 186, 187, 190, 191, 194, 199, 200, 202, 204, 206, 207, 212, 213, 219, 222, 223, 226, 227, 228, 231, 235, 238, 239, 241, 245, 246, 252, 253, 255, 256, 257, 258, 259, 260, 262, 263], "summary": {"covered_lines": 110, "num_statements": 117, "percent_covered": 94.01709401709402, "percent_covered_display": "94", "missing_lines": 7, "excluded_lines": 0, "percent_statements_covered": 94.01709401709402, "percent_statements_covered_display": "94"}, "missing_lines": [129, 134, 172, 209, 243, 248, 265], "excluded_lines": [], "functions": {"RawListingEvent.to_dict": {"executed_lines": [97], "summary": {"covered_lines": 1, "num_statements": 1, "percent_covered": 100.0, "percent_covered_display": "100", "missing_lines": 0, "excluded_lines": 0, "percent_statements_covered": 100.0, "percent_statements_covered_display": "100"}, "missing_lines": [], "excluded_lines": []}, "RawListingEvent.from_dict": {"executed_lines": [102], "summary": {"covered_lines": 1, "num_statements": 1, "percent_covered": 100.0, "percent_covered_display": "100", "missing_lines": 0, "excluded_lines": 0, "percent_statements_covered": 100.0, "percent_statements_covered_display": "100"}, "missing_lines": [], "excluded_lines": []}, "NormalizedListingEvent.to_dict": {"executed_lines": [], "summary": {"covered_lines": 0, "num_statements": 1, "percent_covered": 0.0, "percent_covered_display": "0", "missing_lines": 1, "excluded_lines": 0, "percent_statements_covered": 0.0, "percent_statements_covered_display": "0"}, "missing_lines": [129], "excluded_lines": []}, "NormalizedListingEvent.from_dict": {"executed_lines": [], "summary": {"covered_lines": 0, "num_statements": 1, "percent_covered": 0.0, "percent_covered_display": "0", "missing_lines": 1, "excluded_lines": 0, "percent_statements_covered": 0.0, "percent_statements_covered_display": "0"}, "missing_lines": [134], "excluded_lines": []}, "ProcessedListingEvent.to_dict": {"executed_lines": [167], "summary": {"covered_lines": 1, "num_statements": 1, "percent_covered": 100.0, "percent_covered_display": "100", "missing_lines": 0, "excluded_lines": 0, "percent_statements_covered": 100.0, "percent_statements_covered_display": "100"}, "missing_lines": [], "excluded_lines": []}, "ProcessedListingEvent.from_dict": {"executed_lines": [], "summary": {"covered_lines": 0, "num_statements": 1, "percent_covered": 0.0, "percent_covered_display": "0", "missing_lines": 1, "excluded_lines": 0, "percent_statements_covered": 0.0, "percent_statements_covered_display": "0"}, "missing_lines": [172], "excluded_lines": []}, "Processing
[...]
": "100", "missing_lines": 0, "excluded_lines": 0, "percent_statements_covered": 100.0, "percent_statements_covered_display": "100"}, "missing_lines": [], "excluded_lines": []}}, "classes": {"JSONFormatter": {"executed_lines": [73, 76, 89, 90, 91, 92, 93, 94, 97, 98, 99, 100, 102, 103, 106, 107, 110, 113], "summary": {"covered_lines": 18, "num_statements": 19, "percent_covered": 94.73684210526316, "percent_covered_display": "95", "missing_lines": 1, "excluded_lines": 0, "percent_statements_covered": 94.73684210526316, "percent_statements_covered_display": "95"}, "missing_lines": [111], "excluded_lines": []}, "StructuredLogger": {"executed_lines": [131, 151, 152, 153, 159, 165, 171, 181, 191, 197], "summary": {"covered_lines": 10, "num_statements": 10, "percent_covered": 100.0, "percent_covered_display": "100", "missing_lines": 0, "excluded_lines": 0, "percent_statements_covered": 100.0, "percent_statements_covered_display": "100"}, "missing_lines": [], "excluded_lines": []}, "": {"executed_lines": [1, 14, 15, 16, 17, 18, 21, 22, 37, 62, 116, 117, 124, 133, 155, 161, 167, 173, 183, 193, 200, 225, 228, 229, 230, 231, 232, 233, 236, 239, 240, 243, 244, 247, 248, 254, 255, 257, 261, 262, 265, 279, 280], "summary": {"covered_lines": 40, "num_statements": 41, "percent_covered": 97.5609756097561, "percent_covered_display": "98", "missing_lines": 1, "excluded_lines": 0, "percent_statements_covered": 97.5609756097561, "percent_statements_covered_display": "98"}, "missing_lines": [250], "excluded_lines": []}}}, "core/utils/semver.py": {"executed_lines": [1, 18, 19, 20, 21, 23, 26, 27, 29, 32, 33, 35, 38, 39, 41, 44, 45, 47, 50, 51, 52, 59, 60, 61, 62, 63, 66, 73, 74, 87, 88, 92, 95, 96, 98, 99, 100, 102, 104, 112, 114, 115, 116, 117, 118, 119, 121, 123, 125, 127, 131, 132, 134, 135, 139, 140, 141, 143, 144, 147, 149, 151, 153, 155, 157, 159, 161, 163, 165, 168, 175, 177, 179, 180, 187, 188, 190, 192, 193, 194, 195, 196, 198, 199, 207, 208, 210, 212, 214, 217, 218, 231, 232, 233, 234, 236, 246, 247, 249, 250, 251, 252, 254, 258, 261, 262, 265, 268, 269, 270, 271, 273, 274, 275, 276, 287, 289, 292, 293, 294, 297, 298, 299, 300, 303, 304, 305, 306, 309, 310, 311, 312, 313, 314, 317, 318, 320, 322, 323, 326, 327, 329, 331, 332, 335, 336, 338, 341, 342, 343, 345, 346, 349, 352, 356, 359, 360, 361, 362, 364, 367, 368, 369, 370, 376, 386, 387, 388, 389, 391, 392, 394, 395, 396, 397, 398, 399, 400, 401, 402, 403, 407, 409, 411, 413, 416, 435, 436, 437, 439, 440, 441, 445, 446, 448, 449, 450], "summary": {"covered_lines": 190, "num_statements": 206, "percent_covered": 92.23300970873787, "percent_covered_display": "92", "missing_lines": 16, "excluded_lines": 0, "percent_statements_covered": 92.23300970873787, "percent_statements_covered_display": "92"}, "missing_lines": [128, 142, 156, 166, 202, 203, 205, 278, 283, 284, 347, 353, 354, 373, 374, 405], "excluded_lines": [], "functions": {"Version.parse": {"executed_lines": [87, 88, 92, 95, 96, 98, 99, 100, 102, 104], "summary": {"covered_lines": 10, "num_statements": 10, "percent_covered": 100.0, "percent_covered_display": "100", "missing_lines": 0, "excluded_lines": 0, "percent_statements_covered": 100.0, "percent_statements_covered_display": "100"}, "missing_lines": [], "excluded_lines": []}, "Version.__str__": {"executed_lines": [114, 115, 116, 117, 118, 119], "summary": {"covered_lines": 6, "num_statements": 6, "percent_covered": 100.0, "percent_covered_display": "100", "missing_lines": 0, "excluded_lines": 0, "percent_statements_covered": 100.0, "percent_statements_covered_display": "100"}, "missing_lines": [], "excluded_lines": []}, "Version.__repr__": {"executed_lines": [123], "summary": {"covered_lines": 1, "num_statements": 1, "percent_covered": 100.0, "percent_covered_display": "100", "missing_lines": 0, "excluded_lines": 0, "percent_statements_covered": 100.0, "percent_statements_covered_display": "100"}, "missing_lines": [], "excluded_lines": []}, "Version.__lt__": {"executed_lines": [127, 131, 132, 134, 135, 139, 140, 141, 143, 144, 147], "summary": {"covered_lines": 11, "num_statements": 13, "percent_covered": 84.61538461538461, "percent_covered_display": "85", "missing_lines": 2, "excluded_lines": 0, "percent_statements_covered": 84.61538461538461, "percent_statements_covered_display": "85"}, "missing_lines": [128, 142], "excluded_lines": []}, "Version.__le__": {"executed_lines": [151], "summary": {"covered_lines": 1, "num_statements": 1, "percent_covered": 100.0, "percent_covered_display": "100", "missing_lines": 0, "excluded_lines": 0, "percent_statements_covered": 100.0, "percent_statements_covered_display": "100"}, "missing_lines": [], "excluded_lines": []}, "Version.__gt__": {"executed_lines": [155, 157], "summary": {"covered_lines": 2, "num_statements": 3, "percent_covered": 66.66666666666667, "percent_covered_display": "67", "missing_lines": 1, "excluded_lines": 0, "percent_statements_covered": 66.66666666666667, "percent_statements_covered_display": "67"}, "missing_lines": [156], "excluded_lines": []}, "Version.__ge__": {"executed_lines": [161], "summary": {"covered_lines": 1, "num_statements": 1, "percent_covered": 100.0, "percent_covered_display": "100", "missing_lines": 0, "excluded_lines": 0, "percent_statements_covered": 100.0, "percent_statements_covered_display": "100"}, "missing_lines": [], "excluded_lines": []}, "Version.__eq__": {"executed_lines": [165, 168], "summary": {"covered_lines": 2, "num_statements": 3, "percent_covered": 66.66666666666667, "percent_covered_display": "67", "missing_lines": 1, "excluded_lines": 0, "percent_statements_covered": 66.66666666666667, "percent_statements_covered_display": "67"}, "missing_lines": [166], "excluded_lines": []}, "Version.__hash__": {"executed_lines": [177], "summary": {"covered_lines": 1, "num_statements": 1, "percent_covered": 100.0, "percent_covered_display": "100", "missing_lines": 0, "excluded_lines": 0, "percent_statements_covered": 100.0, "percent_statements_covered_display": "100"}, "missing_lines": [], "excluded_lines": []}, "Version._compare_prerelease": {"executed_lines": [187, 188, 190, 192, 193, 194, 195, 196, 198, 199], "summary": {"covered_lines": 10, "num_statements": 13, "percent_covered": 76.92307692307692, "percent_covered_display": "77", "missing_lines": 3, "excluded_lines": 0, "percent_statements_covered": 76.92307692307692, "percent_statements_covered_display": "77"}, "missing_lines": [202, 203, 205], "excluded_lines": []}, "Version.core": {"executed_lines": [210], "summary": {"covered_lines": 1, "num_statements": 1, "percent_covered": 100.0, "percent_covered_display": "100", "missing_lines": 0, "excluded_lines": 0, "percent_statements_covered": 100.0, "percent_statements_covered_display": "100"}, "missing_lines": [], "excluded_lines": []}, "Version.is_prerelease": {"executed_lines": [214], "summary": {"covered_lines": 1, "num_statements": 1, "percent_covered": 100.0, "percent_covered_display": "100", "missing_lines": 0, "excluded_lines": 0, "percent_statements_covered": 100.0, "percent_statements_covered_display": "100"}, "missing_lines": [], "excluded_lines": []}, "VersionConstraint.__init__": {"executed_lines": [246, 247, 249, 250, 251, 252], "summary": {"covered_lines": 6, "num_statements": 6, "percent_covered": 100.0, "percent_covered_display": "100", "missing_lines": 0, "excluded_lines": 0, "percent_statements_covered": 100.0, "percent_statements_covered_display": "100"}, "missing_lines": [], "excluded_lines": []}, "VersionConstraint._parse": {"executed_lines": [258, 261, 262, 265, 268, 269, 270, 271, 273, 274, 275, 276, 287], "summary": {"covered_lines": 13, "num_statements": 16, "percent_covered": 81.25, "percent_covered_display": "81", "missing_lines": 3, "excluded_lines": 0, "percent_statements_covered": 81.25, "percent_statements_covered_display": "81"}, "missing_lines": [278, 283, 284], "excluded_lines": []}, "VersionConstraint._parse_single": {"executed_lines": [292, 293, 294, 297, 298, 299, 300, 303, 304, 305, 306, 309, 310, 311, 312, 313, 314, 317, 318], "summary": {"covered_lines": 19, "num_statements": 19, "percent_covered": 100.0, "percent_covered_display": "100", "missing_lines": 0, "excluded_lines": 0, "percent_statements_covered": 100.0, "percent_statements_covered_display": "100"}, "missing_lines": [], "excluded_lines": []}, "VersionConstraint._parse_caret": {"executed_lines": [322, 323, 326, 327], "summary": {"covered_lines": 4, "num_statements": 4, "percent_covered": 100.0, "percent_covered_display": "100", "missing_lines": 0, "excluded_lines": 0, "percent_statements_covered": 100.0, "percent_statements_covered_display": "100"}, "missing_lines": [], "excluded_lines": []}, "VersionConstraint._parse_tilde": {"executed_lines": [331, 332, 335, 336], "summary": {"covered_lines": 4, "num_statements": 4, "percent_covered": 100.0, "percent_covered_display": "100", "missing_lines": 0, "excluded_lines": 0, "percent_statements_covered": 100.0, "percent_statements_covered_display": "100"}, "missing_lines": [], "excluded_lines": []}, "VersionConstraint._parse_wildcard": {"executed_lines": [341, 342, 343, 345, 346, 349, 352, 356, 359, 360, 361, 362, 364, 367, 368, 369, 370], "summary": {"covered_lines": 17, "num_statements": 22, "percent_covered": 77.27272727272727, "percent_covered_display": "77", "missing_lines": 5, "excluded_lines": 0, "percent_statements_covered": 77.27272727272727, "percent_statements_covered_display": "77"}, "missing_lines": [347, 353, 354, 373, 374], "excluded_lines": []}, "VersionConstraint.satisfies": {"executed_lines": [386, 387, 388, 389], "summary": {"covered_lines": 4, "num_statements": 4, "percent_covered": 100.0, "percent_covered_display": "100", "missing_lines": 0, "excluded_lines": 0, "percent_statements_covered": 100.0, "percent_statements_covered_display": "100"}, "missing_lines": [], "excluded_lines": []}, "VersionConstraint._check_operator": {"executed_lines": [394, 395, 396, 397, 398, 399, 400, 401, 402, 403], "summary": {"covered_lines": 10, "num_statements": 11, "percent_covered": 90.9090909090909, "percent_covered_display": "91", "missing_lines": 1, "excluded_lines": 0, "percent_statements_covered": 90.9090909090909, "percent_statements_covered_display": "91"}, "missing_lines": [405], "excluded_lines": []}, "VersionConstraint.__str__": {"executed_lines": [409], "summary": {"covered_lines": 1, "num_statements": 1, "percent_covered": 100.0, "percent_covered_display": "100", "missing_lines": 0, "excluded_lines": 0, "percent_statements_covered": 100.0, "percent_statements_covered_display": "100"}, "missing_lines": [], "excluded_lines": []}, "VersionConstraint.__repr__": {"executed_lines": [413], "summary": {"covered_lines": 1, "num_statements": 1, "percent_covered": 100.0, "percent_covered_display": "100", "missing_lines": 0, "excluded_lines": 0, "percent_statements_covered": 100.0, "percent_statements_covered_display": "100"}, "missing_lines": [], "excluded_lines": []}, "check_compatibility": {"executed_lines": [435, 436, 437, 439, 440, 441, 445, 446, 448, 449, 450], "summary": {"covered_lines": 11, "num_statements": 11, "percent_covered": 100.0, "percent_covered_display": "100", "missing_lines": 0, "excluded_lines": 0, "percent_statements_covered": 100.0, "percent_statements_covered_display": "100"}, "missing_lines": [], "excluded_lines": []}, "": {"executed_lines": [1, 18, 19, 20, 21, 23, 26, 27, 29, 32, 33, 35, 38, 39, 41, 44, 45, 47, 50, 51, 52, 59, 60, 61, 62, 63, 66, 73, 74, 112, 121, 125, 149, 153, 159, 163, 175, 179, 180, 207, 208, 212, 217, 218, 231, 232, 233, 234, 236, 254, 289, 320, 329, 338, 376, 391, 392, 407, 411, 416], "summary": {"covered_lines": 53, "num_statements": 53, "percent_covered": 100.0, "percent_covered_display": "100", "missing_lines": 0, "excluded_lines": 0, "percent_statements_covered": 100.0, "percent_statements_covered_display": "100"}, "missing_lines": [], "excluded_lines": []}}, "classes": {"VersionError": {"executed_lines": [], "summary": {"covered_lines": 0, "num_statements": 0, "percent_covered": 100.0, "percent_covered_display": "100", "missing_lines": 0, "excluded_lines": 0, "percent_statements_covered": 100.0, "percent_statements_covered_display": "100"}, "missing_lines": [], "excluded_lines": []}, "InvalidVersionError": {"executed_lines": [], "summary": {"covered_lines": 0, "num_statements": 0, "percent_covered": 100.0, "percent_covered_display": "100", "missing_lines": 0, "excluded_lines": 0, "percent_statements_covered": 100.0, "percent_statements_covered_display": "100"}, "missing_lines": [], "excluded_lines": []}, "InvalidConstraintError": {"executed_lines": [], "summary": {"covered_lines": 0, "num_statements": 0, "percent_covered": 100.0, "percent_covered_display": "100", "missing_lines": 0, "excluded_lines": 0, "percent_statements_covered": 100.0, "percent_statements_covered_display": "100"}, "missing_lines": [], "excluded_lines": []}, "IncompatibleVersionError": {"executed_lines": [], "summary": {"covered_lines": 0, "num_statements": 0, "percent_covered": 100.0, "percent_covered_display": "100", "missing_lines": 0, "excluded_lines": 0, "percent_statements_covered": 100.0, "percent_statements_covered_display": "100"}, "missing_lines": [], "excluded_lines": []}, "Version": {"executed_lines": [87, 88, 92, 95, 96, 98, 99, 100, 102, 104, 114, 115, 116, 117, 118, 119, 123, 127, 131, 132, 134, 135, 139, 140, 141, 143, 144, 147, 151, 155, 157, 161, 165, 168, 177, 187, 188, 190, 192, 193, 194, 195, 196, 198, 199, 210, 214], "summary": {"covered_lines": 47, "num_statements": 54, "percent_covered": 87.03703703703704, "percent_covered_display": "87", "missing_lines": 7, "excluded_lines": 0, "percent_statements_covered": 87.03703703703704, "percent_statements_covered_display": "87"}, "missing_lines": [128, 142, 156, 166, 202, 203, 205], "excluded_lines": []}, "VersionConstraint": {"executed_lines": [246, 247, 249, 250, 251, 252, 258, 261, 262, 265, 268, 269, 270, 271, 273, 274, 275, 276, 287, 292, 293, 294, 297, 298, 299, 300, 303, 304, 305, 306, 309, 310, 311, 312, 313, 314, 317, 318, 322, 323, 326, 327, 331, 332, 335, 336, 341, 342, 343, 345, 346, 349, 352, 356, 359, 360, 361, 362, 364, 367, 368, 369, 370, 386, 387, 388, 389, 394, 395, 396, 397, 398, 399, 400, 401, 402, 403, 409, 413], "summary": {"covered_lines": 79, "num_statements": 88, "percent_covered": 89.77272727272727, "percent_covered_display": "90", "missing_lines": 9, "excluded_lines": 0, "percent_statements_covered": 89.77272727272727, "percent_statements_covered_display": "90"}, "missing_lines": [278, 283, 284, 347, 353, 354, 373, 374, 405], "excluded_lines": []}, "": {"executed_lines": [1, 18, 19, 20, 21, 23, 26, 27, 29, 32, 33, 35, 38, 39, 41, 44, 45, 47, 50, 51, 52, 59, 60, 61, 62, 63, 66, 73, 74, 112, 121, 125, 149, 153, 159, 163, 175, 179, 180, 207, 208, 212, 217, 218, 231, 232, 233, 234, 236, 254, 289, 320, 329, 338, 376, 391, 392, 407, 411, 416, 435, 436, 437, 439, 440, 441, 445, 446, 448, 449, 450], "summary": {"covered_lines": 64, "num_statements": 64, "percent_covered": 100.0, "percent_covered_display": "100", "missing_lines": 0, "excluded_lines": 0, "percent_statements_covered": 100.0, "percent_statements_covered_display": "100"}, "missing_lines": [], "excluded_lines": []}}}, "core/validators/__init__.py": {"executed_lines": [1, 5, 7], "summary": {"covered_lines": 2, "num_statements": 2, "percent_covered": 100.0, "percent_covered_display": "100", "missing_lines": 0, "excluded_lines": 0, "percent_statements_covered": 100.0, "percent_statements_covered_display": "100"}, "missing_lines": [], "excluded_lines": [], "functions": {"": {"executed_lines": [1, 5, 7], "summary": {"covered_lines": 2, "num_statements": 2, "percent_covered": 100.0, "percent_covered_display": "100", "missing_lines": 0, "excluded_lines": 0, "percent_statements_covered": 100.0, "percent_statements_covered_display": "100"}, "missing_lines": [], "excluded_lines": []}}, "classes": {"": {"executed_lines": [1, 5, 7], "summary": {"covered_lines": 2, "num_statements": 2, "percent_covered": 100.0, "percent_covered_display": "100", "missing_lines": 0, "excluded_lines": 0, "percent_statements_covered": 100.0, "percent_statements_covered_display": "100"}, "missing_lines": [], "excluded_lines": []}}}, "core/validators/manifest.py": {"executed_lines": [1, 5, 6, 7, 9, 10, 11, 14, 15, 17, 18, 19, 22, 44, 47, 48, 50, 56, 57, 66, 67, 68, 69, 70, 71, 72, 77, 78, 79, 80, 82, 83, 86, 87, 89, 92, 93, 94, 96, 101, 123, 125, 126, 127, 130, 131, 134, 144, 145, 147, 148, 149, 151], "summary": {"covered_lines": 51, "num_statements": 61, "percent_covered": 83.60655737704919, "percent_covered_display": "84", "missing_lines": 10, "excluded_lines": 0, "percent_statements_covered": 83.60655737704919, "percent_statements_covered_display": "84"}, "missing_lines": [58, 59, 60, 61, 62, 63, 73, 74, 97, 98], "excluded_lines": [], "functions": {"ManifestValidationError.__init__": {"executed_lines": [18, 19], "summary": {"covered_lines": 2, "num_statements": 2, "percent_covered": 100.0, "percent_covered_display": "100", "missing_lines": 0, "excluded_lines": 0, "percent_statements_covered": 100.0, "percent_statements_covered_display": "100"}, "missing_lines": [], "excluded_lines": []}, "validate_manifest": {"executed_lines": [44, 47, 48, 50, 56, 57, 66, 67, 68, 69, 70, 71, 72, 77, 78, 79, 80, 82, 83, 86, 87, 89, 92, 93, 94, 96], "summary": {"covered_lines": 26, "num_statements": 36, "percent_covered": 72.22222222222223, "percent_covered_display": "72", "missing_lines": 10, "excluded_lines": 0, "percent_statements_covered": 72.22222222222223, "percent_statements_covered_display": "72"}, "missing_lines": [58, 59, 60, 61, 62, 63, 73, 74, 97, 98], "excluded_lines": []}, "validate_manifest_strict": {"executed_lines": [123, 125, 126, 127, 130, 131], "summary": {"covered_lines": 6, "num_statements": 6, "percent_covered": 100.0, "percent_covered_display": "100", "missing_lines": 0, "excluded_lines": 0, "percent_statements_covered": 100.0, "percent_statements_covered_display": "100"}, "missing_lines": [], "excluded_lines": []}, "format_validation_errors": {"executed_lines": [144, 145, 147, 148, 149, 151], "summary": {"covered_lines": 6, "num_statements": 6, "percent_covered": 100.0, "percent_covered_display": "100", "missing_lines": 0, "excluded_lines": 0, "percent_statements_covered": 100.0, "percent_statements_covered_display": "100"}, "missing_lines": [], "excluded_lines": []}, "": {"executed_lines": [1, 5, 6, 7, 9, 10, 11, 14, 15, 17, 22, 101, 134], "summary": {"covered_lines": 11, "num_statements": 11, "percent_covered": 100.0, "percent_covered_display": "100", "missing_lines": 0, "excluded_lines": 0, "percent_statements_covered": 100.0, "percent_statements_covered_display": "100"}, "missing_lines": [], "excluded_lines": []}}, "classes": {"ManifestValidationError": {"executed_lines": [18, 19], "summary": {"covered_lines": 2, "num_statements": 2, "percent_covered": 100.0, "percent_covered_display": "100", "missing_lines": 0, "excluded_lines": 0, "percent_statements_covered": 100.0, "percent_statements_covered_display": "100"}, "missing_lines": [], "excluded_lines": []}, "": {"executed_lines": [1, 5, 6, 7, 9, 10, 11, 14, 15, 17, 22, 44, 47, 48, 50, 56, 57, 66, 67, 68, 69, 70, 71, 72, 77, 78, 79, 80, 82, 83, 86, 87, 89, 92, 93, 94, 96, 101, 123, 125, 126, 127, 130, 131, 134, 144, 145, 147, 148, 149, 151], "summary": {"covered_lines": 49, "num_statements": 59, "percent_covered": 83.05084745762711, "percent_covered_display": "83", "missing_lines": 10, "excluded_lines": 0, "percent_statements_covered": 83.05084745762711, "percent_statements_covered_display": "83"}, "missing_lines": [58, 59, 60, 61, 62, 63, 73, 74, 97, 98], "excluded_lines": []}}}}, "totals": {"covered_lines": 1980, "num_statements": 2207, "percent_covered": 89.71454463072044, "percent_covered_display": "90", "missing_lines": 227, "excluded_lines": 1, "percent_statements_covered": 89.71454463072044, "percent_statements_covered_display": "90"}}